2.944000 0.000000 0.608021
2.942000 0.000000 0.611737
2.940000 0.000000 0.615443
2.938000 0.000000 0.619139
2.936000 0.000000 0.622826
2.934000 0.000000 0.626502
2.932000 0.000000 0.630169
2.930000 0.000000 0.633826
2.928000 0.000000 0.637473
2.926000 0.000000 0.641111
2.668000 0.000000 1.028162
2.658000 0.000000 1.039881
2.656000 0.000000 1.042196
2.654000 0.000000 1.044500
2.650000 0.000000 1.049080
2.648000 0.000000 1.051355
2.646000 0.000000 1.053621
2.644000 0.000000 1.055876
2.642000 0.000000 1.058122
2.636000 0.000000 1.064801
2.576000 0.000000 1.126736
2.574000 0.000000 1.128648
2.572000 0.000000 1.130551
2.570000 0.000000 1.132444
2.568000 0.000000 1.134327
2.566000 0.000000 1.136201
2.564000 0.000000 1.138064
2.562000 0.000000 1.139918
2.560000 0.000000 1.141762
2.558000 0.000000 1.143596
2.556000 0.000000 1.145421
2.554000 0.000000 1.147235
2.538000 0.000000 1.161399
2.534000 0.000000 1.164842
2.528000 0.000000 1.169933
2.524000 0.000000 1.173278
2.510000 0.000000 1.184677
2.508000 0.000000 1.186266
2.498000 0.000000 1.194065
2.496000 0.000000 1.195596
2.494000 0.000000 1.197116
2.492000 0.000000 1.198627
2.490000 0.000000 1.200128
2.488000 0.000000 1.201619
2.486000 0.000000 1.203101
2.484000 0.000000 1.204572
2.482000 0.000000 1.206034
2.480000 0.000000 1.207486
2.478000 0.000000 1.208928
2.456000 0.000000 1.224146
2.454000 0.000000 1.225470
2.452000 0.000000 1.226785
2.450000 0.000000 1.228090
2.448000 0.000000 1.229385
2.446000 0.000000 1.230671
2.444000 0.000000 1.231946
2.442000 0.000000 1.233212
2.440000 0.000000 1.234468
2.438000 0.000000 1.235714
2.436000 0.000000 1.236951
2.398000 0.000000 1.258580
2.396000 0.000000 1.259621
2.394000 0.000000 1.260651
2.392000 0.000000 1.261672
2.390000 0.000000 1.262683
2.388000 0.000000 1.263684
2.386000 0.000000 1.264676
2.384000 0.000000 1.265657
2.382000 0.000000 1.266629
2.380000 0.000000 1.267591
2.378000 0.000000 1.268543
2.360000 0.000000 1.276672
2.358000 0.000000 1.277526
2.296000 0.000000 1.299146
2.292000 0.000000 1.300217
2.290000 0.000000 1.300738
2.288000 0.000000 1.301249
2.284000 0.000000 1.302242
2.282000 0.000000 1.302724
2.280000 0.000000 1.303196
2.236000 0.000000 1.311101
2.234000 0.000000 1.311347
2.232000 0.000000 1.311584
2.230000 0.000000 1.311811
2.228000 0.000000 1.312028
2.226000 0.000000 1.312236
2.224000 0.000000 1.312433
2.222000 0.000000 1.312621
2.220000 0.000000 1.312799
2.218000 0.000000 1.312967
2.216000 0.000000 1.313126
2.190000 0.000000 1.314293
2.188000 0.000000 1.314314
2.186000 0.000000 1.314326
2.184000 0.000000 1.314327
2.182000 0.000000 1.314319
2.180000 0.000000 1.314301
2.178000 0.000000 1.314273
2.176000 0.000000 1.314236
2.174000 0.000000 1.314188
2.172000 0.000000 1.314131
2.170000 0.000000 1.314064
2.146000 0.000000 1.312496
2.144000 0.000000 1.312301
2.142000 0.000000 1.312097
2.140000 0.000000 1.311883
2.138000 0.000000 1.311659
2.128000 0.000000 1.310393
2.104000 0.000000 1.306355
2.102000 0.000000 1.305955
2.064000 0.000000 1.296489
2.062000 0.000000 1.295893
2.060000 0.000000 1.295287
2.056000 0.000000 1.294046
2.052000 0.000000 1.292765
2.048000 0.000000 1.291445
2.046000 0.000000 1.290771
2.044000 0.000000 1.290086
2.042000 0.000000 1.289392
2.040000 0.000000 1.288688
2.038000 0.000000 1.287974
2.036000 0.000000 1.287251
2.034000 0.000000 1.286517
2.032000 0.000000 1.285774
2.030000 0.000000 1.285021
2.028000 0.000000 1.284258
2.026000 0.000000 1.283486
2.024000 0.000000 1.282703
1.996000 0.000000 1.270721
1.994000 0.000000 1.269791
1.992000 0.000000 1.268852
1.990000 0.000000 1.267903
1.988000 0.000000 1.266944
1.986000 0.000000 1.265976
1.984000 0.000000 1.264997
1.982000 0.000000 1.264009
1.980000 0.000000 1.263011
1.978000 0.000000 1.262003
1.976000 0.000000 1.260986
1.964000 0.000000 1.254674
1.946000 0.000000 1.244546
1.944000 0.000000 1.243371
1.896000 0.000000 1.212246
1.894000 0.000000 1.210826
1.890000 0.000000 1.207958
1.886000 0.000000 1.205051
1.882000 0.000000 1.202104
1.880000 0.000000 1.200616
1.876000 0.000000 1.197611
1.874000 0.000000 1.196093
1.872000 0.000000 1.194566
1.870000 0.000000 1.193029
1.868000 0.000000 1.191482
1.866000 0.000000 1.189926
1.864000 0.000000 1.188359
1.862000 0.000000 1.186783
1.860000 0.000000 1.185197
1.858000 0.000000 1.183601
1.856000 0.000000 1.181996
1.832000 0.000000 1.161964
1.830000 0.000000 1.160231
1.828000 0.000000 1.158488
1.826000 0.000000 1.156736
1.824000 0.000000 1.154973
1.822000 0.000000 1.153201
1.820000 0.000000 1.151419
1.818000 0.000000 1.149627
1.816000 0.000000 1.147826
1.814000 0.000000 1.146014
1.812000 0.000000 1.144193
1.758000 0.000000 1.091316
1.740000 0.000000 1.072103
1.724000 0.000000 1.054358
1.722000 0.000000 1.052096
1.716000 0.000000 1.045251
1.712000 0.000000 1.040638
1.708000 0.000000 1.035986
1.706000 0.000000 1.033646
1.702000 0.000000 1.028935
1.700000 0.000000 1.026565
1.694000 0.000000 1.019396
1.692000 0.000000 1.016987
1.690000 0.000000 1.014568
1.688000 0.000000 1.012139
1.686000 0.000000 1.009701
1.684000 0.000000 1.007252
1.682000 0.000000 1.004794
1.680000 0.000000 1.002326
1.678000 0.000000 0.999848
1.668000 0.000000 0.987312
1.666000 0.000000 0.984776
1.664000 0.000000 0.982229
1.662000 0.000000 0.979673
1.660000 0.000000 0.977107
1.658000 0.000000 0.974531
1.656000 0.000000 0.971946
1.654000 0.000000 0.969350
1.652000 0.000000 0.966745
1.650000 0.000000 0.964130
1.648000 0.000000 0.961505
1.630000 0.000000 0.937441
1.628000 0.000000 0.934718
1.626000 0.000000 0.931986
1.624000 0.000000 0.929243
1.622000 0.000000 0.926491
1.620000 0.000000 0.923729
1.618000 0.000000 0.920957
1.616000 0.000000 0.918176
1.614000 0.000000 0.915384
1.612000 0.000000 0.912583
1.610000 0.000000 0.909772
1.580000 0.000000 0.866431
1.578000 0.000000 0.863463
1.576000 0.000000 0.860486
1.574000 0.000000 0.857498
1.572000 0.000000 0.854501
1.570000 0.000000 0.851494
1.568000 0.000000 0.848477
1.566000 0.000000 0.845451
1.564000 0.000000 0.842414
1.562000 0.000000 0.839368
1.560000 0.000000 0.836312
1.528000 0.000000 0.786083
1.526000 0.000000 0.782861
1.524000 0.000000 0.779628
1.522000 0.000000 0.776386
1.520000 0.000000 0.773134
1.518000 0.000000 0.769872
1.516000 0.000000 0.766601
1.514000 0.000000 0.763319
1.512000 0.000000 0.760028
1.510000 0.000000 0.756727
1.508000 0.000000 0.753416
1.464000 0.000000 0.678099
1.462000 0.000000 0.674563
1.460000 0.000000 0.671017
1.458000 0.000000 0.667461
1.456000 0.000000 0.663896
1.454000 0.000000 0.660320
1.452000 0.000000 0.656735
1.450000 0.000000 0.653140
1.448000 0.000000 0.649535
1.446000 0.000000 0.645921
1.444000 0.000000 0.642296
1.418000 0.000000 0.594287
1.416000 0.000000 0.590526
1.414000 0.000000 0.586754
1.412000 0.000000 0.582973
1.410000 0.000000 0.579182
1.408000 0.000000 0.575381
1.406000 0.000000 0.571571
1.404000 0.000000 0.567750
1.402000 0.000000 0.563920
1.400000 0.000000 0.560080
1.398000 0.000000 0.556230
1.386000 0.000000 0.532926
1.384000 0.000000 0.529007
1.382000 0.000000 0.525079
1.380000 0.000000 0.521141
1.378000 0.000000 0.517193
1.376000 0.000000 0.513236
1.374000 0.000000 0.509268
1.372000 0.000000 0.505291
1.370000 0.000000 0.501304
1.368000 0.000000 0.497307
1.366000 0.000000 0.493301
1.346000 0.000000 0.452696
1.344000 0.000000 0.448581
1.342000 0.000000 0.444457
1.340000 0.000000 0.440323
1.338000 0.000000 0.436179
1.336000 0.000000 0.432026
1.334000 0.000000 0.427862
1.332000 0.000000 0.423689
1.330000 0.000000 0.419506
1.328000 0.000000 0.415313
1.326000 0.000000 0.411111
1.310000 0.000000 0.377137
1.308000 0.000000 0.372846
1.306000 0.000000 0.368546
1.304000 0.000000 0.364235
1.302000 0.000000 0.359915
1.300000 0.000000 0.355585
1.298000 0.000000 0.351245
1.296000 0.000000 0.346896
1.294000 0.000000 0.342536
1.292000 0.000000 0.338167
1.290000 0.000000 0.333788
1.280000 0.000000 0.311746
1.278000 0.000000 0.307308
1.276000 0.000000 0.302861
1.274000 0.000000 0.298403
1.272000 0.000000 0.293936
1.270000 0.000000 0.289459
1.268000 0.000000 0.284972
1.266000 0.000000 0.280476
1.264000 0.000000 0.275969
1.262000 0.000000 0.271453
1.260000 0.000000 0.266927
1.238000 0.000000 0.216494
1.236000 0.000000 0.211851
1.234000 0.000000 0.207197
1.232000 0.000000 0.202534
1.230000 0.000000 0.197861
1.228571 0.000000 0.198987
1.227143 0.000000 0.200104
1.225714 0.000000 0.201210
1.224286 0.000000 0.202307
1.222857 0.000000 0.203394
1.221429 0.000000 0.204471
1.210000 0.000000 0.212735
1.208571 0.000000 0.213724
1.207143 0.000000 0.214704
1.205714 0.000000 0.215673
1.204286 0.000000 0.216633
1.202857 0.000000 0.217582
1.201429 0.000000 0.218522
1.200000 0.000000 0.219452
1.198571 0.000000 0.220373
1.197143 0.000000 0.221283
1.195714 0.000000 0.222184
1.184286 0.000000 0.229037
1.182857 0.000000 0.229850
1.181428 0.000000 0.230653
1.180000 0.000000 0.231446
1.178571 0.000000 0.232229
1.177143 0.000000 0.233002
1.175714 0.000000 0.233766
1.174286 0.000000 0.234519
1.172857 0.000000 0.235263
1.171428 0.000000 0.235998
1.170000 0.000000 0.236722
1.127143 0.000000 0.253896
1.125714 0.000000 0.254316
1.124285 0.000000 0.254727
1.122857 0.000000 0.255128
1.121428 0.000000 0.255519
1.120000 0.000000 0.255901
1.118571 0.000000 0.256272
1.117143 0.000000 0.256634
1.115714 0.000000 0.256986
1.114285 0.000000 0.257328
1.112857 0.000000 0.257660
1.098571 0.000000 0.260445
1.097143 0.000000 0.260670
1.095714 0.000000 0.260884
1.094285 0.000000 0.261089
1.092857 0.000000 0.261284
1.091428 0.000000 0.261470
1.090000 0.000000 0.261645
1.088571 0.000000 0.261811
1.087143 0.000000 0.261967
1.085714 0.000000 0.262113
1.084285 0.000000 0.262250
1.072857 0.000000 0.262988
1.071428 0.000000 0.263036
1.070000 0.000000 0.263074
1.068571 0.000000 0.263103
1.067142 0.000000 0.263122
1.065714 0.000000 0.263131
1.064285 0.000000 0.263130
1.062857 0.000000 0.263119
1.061428 0.000000 0.263099
1.060000 0.000000 0.263068
1.058571 0.000000 0.263028
1.050000 0.000000 0.262582
1.048571 0.000000 0.262474
1.047142 0.000000 0.262355
1.045714 0.000000 0.262227
1.044285 0.000000 0.262089
1.042857 0.000000 0.261941
1.041428 0.000000 0.261783
1.040000 0.000000 0.261616
1.038571 0.000000 0.261439
1.037142 0.000000 0.261252
1.035714 0.000000 0.261055
1.020000 0.000000 0.258243
1.018571 0.000000 0.257928
1.017142 0.000000 0.257604
1.015714 0.000000 0.257270
1.014285 0.000000 0.256926
1.012857 0.000000 0.256573
1.011428 0.000000 0.256209
1.009999 0.000000 0.255836
1.008571 0.000000 0.255453
1.007142 0.000000 0.255060
1.005714 0.000000 0.254657
0.978571 0.000000 0.245145
0.977142 0.000000 0.244547
0.975714 0.000000 0.243938
0.974285 0.000000 0.243320
0.972857 0.000000 0.242692
0.971428 0.000000 0.242054
0.969999 0.000000 0.241407
0.968571 0.000000 0.240749
0.967142 0.000000 0.240082
0.965714 0.000000 0.239405
0.964285 0.000000 0.238718
0.952856 0.000000 0.232870
0.951428 0.000000 0.232095
0.949999 0.000000 0.231311
0.948571 0.000000 0.230516
0.947142 0.000000 0.229712
0.945714 0.000000 0.228897
0.944285 0.000000 0.228073
0.942856 0.000000 0.227239
0.941428 0.000000 0.226396
0.939999 0.000000 0.225542
0.938571 0.000000 0.224679
0.931428 0.000000 0.220216
0.929999 0.000000 0.219294
0.928571 0.000000 0.218362
0.927142 0.000000 0.217420
0.925714 0.000000 0.216469
0.924285 0.000000 0.215508
0.922856 0.000000 0.214537
0.921428 0.000000 0.213556
0.919999 0.000000 0.212565
0.918571 0.000000 0.211565
0.917142 0.000000 0.210554
0.901428 0.000000 0.199911
0.899999 0.000000 0.199911
0.898571 0.000000 0.199911
0.897142 0.000000 0.199911
0.895714 0.000000 0.199911
0.894285 0.000000 0.199911
0.892856 0.000000 0.199911
0.891428 0.000000 0.199910
0.889999 0.000000 0.199910
0.888571 0.000000 0.199910
0.887142 0.000000 0.199910
0.872856 0.000000 0.199910
0.871428 0.000000 0.199910
0.869999 0.000000 0.199910
0.868571 0.000000 0.199910
0.867142 0.000000 0.199910
0.865714 0.000000 0.199910
0.864285 0.000000 0.199910
0.862856 0.000000 0.199910
0.861428 0.000000 0.199910
0.859999 0.000000 0.199910
0.858571 0.000000 0.199910
0.837142 0.000000 0.199910
0.835714 0.000000 0.199910
0.834285 0.000000 0.199910
0.832856 0.000000 0.199910
0.831428 0.000000 0.199910
0.829999 0.000000 0.199910
0.828571 0.000000 0.199910
0.827142 0.000000 0.199910
0.825714 0.000000 0.199909
0.824285 0.000000 0.199909
0.822856 0.000000 0.199909
0.809999 0.000000 0.199909
0.808571 0.000000 0.199909
0.807142 0.000000 0.199909
0.805714 0.000000 0.199909
0.804285 0.000000 0.199909
0.802856 0.000000 0.199909
0.801428 0.000000 0.199909
0.799999 0.000000 0.199909
0.798571 0.000000 0.199909
0.797142 0.000000 0.199909
0.795714 0.000000 0.199909
0.782856 0.000000 0.199909
0.781428 0.000000 0.199909
0.779999 0.000000 0.199909
0.778571 0.000000 0.199909
0.777142 0.000000 0.199909
0.775714 0.000000 0.199909
0.774285 0.000000 0.199909
0.772856 0.000000 0.199909
0.771428 0.000000 0.199909
0.769999 0.000000 0.199909
0.768571 0.000000 0.199909
0.757142 0.000000 0.199908
0.755714 0.000000 0.199908
0.754285 0.000000 0.199908
0.752856 0.000000 0.199908
0.751428 0.000000 0.199908
0.749999 0.000000 0.199908
0.748571 0.000000 0.199908
0.747142 0.000000 0.199908
0.745714 0.000000 0.199908
0.744285 0.000000 0.199908
0.742856 0.000000 0.199908
0.719999 0.000000 0.199908
0.718571 0.000000 0.199908
0.717142 0.000000 0.199908
0.715714 0.000000 0.199908
0.714285 0.000000 0.199908
0.712856 0.000000 0.199908
0.711428 0.000000 0.199908
0.709999 0.000000 0.199908
0.708571 0.000000 0.199908
0.707142 0.000000 0.199908
0.705714 0.000000 0.199908
0.694285 0.000000 0.199907
0.692856 0.000000 0.199907
0.691428 0.000000 0.199907
0.689999 0.000000 0.199907
0.688571 0.000000 0.199907
0.687142 0.000000 0.199907
0.685714 0.000000 0.199907
0.684285 0.000000 0.199907
0.682856 0.000000 0.199907
0.681428 0.000000 0.199907
0.679999 0.000000 0.199907
0.664285 0.000000 0.199907
0.662856 0.000000 0.199907
0.661428 0.000000 0.199907
0.659999 0.000000 0.199907
0.658571 0.000000 0.199907
0.657142 0.000000 0.199907
0.655714 0.000000 0.199907
0.654285 0.000000 0.199907
0.652856 0.000000 0.199907
0.651428 0.000000 0.199907
0.649999 0.000000 0.199907
0.635714 0.000000 0.199907
0.634285 0.000000 0.199907
0.632856 0.000000 0.199907
0.631428 0.000000 0.199907
0.629999 0.000000 0.199907
0.628571 0.000000 0.199907
0.627142 0.000000 0.199906
0.625714 0.000000 0.199906
0.624285 0.000000 0.199906
0.622856 0.000000 0.199906
0.621428 0.000000 0.199906
0.605714 0.000000 0.199906
0.604285 0.000000 0.199906
0.602856 0.000000 0.199906
0.601428 0.000000 0.199906
0.599999 0.000000 0.199906
0.598571 0.000000 0.199906
0.597142 0.000000 0.199906
0.595714 0.000000 0.199906
0.594285 0.000000 0.199906
0.592856 0.000000 0.199906
0.591428 0.000000 0.199906
0.567142 0.000000 0.199906
0.565714 0.000000 0.199906
0.564285 0.000000 0.199906
0.562856 0.000000 0.199906
0.561428 0.000000 0.199905
0.559999 0.000000 0.199905
0.558571 0.000000 0.199905
0.557142 0.000000 0.199905
0.555714 0.000000 0.199905
0.554285 0.000000 0.199905
0.552856 0.000000 0.199905
0.531428 0.000000 0.199905
0.529999 0.000000 0.199905
0.528571 0.000000 0.199905
0.527142 0.000000 0.199905
0.525714 0.000000 0.199905
0.524285 0.000000 0.199905
0.522856 0.000000 0.199905
0.521428 0.000000 0.199905
0.519999 0.000000 0.199905
0.518571 0.000000 0.199905
0.517142 0.000000 0.199905
0.505714 0.000000 0.199905
0.504285 0.000000 0.199905
0.502856 0.000000 0.199905
0.501428 0.000000 0.199905
0.499999 0.000000 0.199905
0.498571 0.000000 0.199905
0.497142 0.000000 0.199905
0.495714 0.000000 0.199904
0.494285 0.000000 0.199904
0.492856 0.000000 0.199904
0.491428 0.000000 0.199904
0.479999 0.000000 0.199904
0.478571 0.000000 0.199904
0.477142 0.000000 0.199904
0.475714 0.000000 0.199904
0.474285 0.000000 0.199904
0.472856 0.000000 0.199904
0.471428 0.000000 0.199904
0.469999 0.000000 0.199904
0.468571 0.000000 0.199904
0.467142 0.000000 0.199904
0.465714 0.000000 0.199904
0.454285 0.000000 0.199904
0.452856 0.000000 0.199904
0.451428 0.000000 0.199904
0.449999 0.000000 0.199904
0.448571 0.000000 0.199904
0.447142 0.000000 0.199904
0.445714 0.000000 0.199904
0.444285 0.000000 0.199904
0.442856 0.000000 0.199904
0.441428 0.000000 0.199904
0.439999 0.000000 0.199904
0.404285 0.000000 0.199903
0.402856 0.000000 0.199903
0.401428 0.000000 0.199903
0.399999 0.000000 0.199903
0.398571 0.000000 0.199903
0.397142 0.000000 0.199903
0.395714 0.000000 0.199903
0.394285 0.000000 0.199903
0.392856 0.000000 0.199903
0.391428 0.000000 0.199903
0.389999 0.000000 0.199903
0.367142 0.000000 0.199903
0.365714 0.000000 0.199903
0.364285 0.000000 0.199903
0.362856 0.000000 0.199902
0.361428 0.000000 0.199902
0.359999 0.000000 0.199902
0.358571 0.000000 0.199902
0.357142 0.000000 0.199902
0.355714 0.000000 0.199902
0.354285 0.000000 0.199902
0.352856 0.000000 0.199902
0.328571 0.000000 0.199902
0.327142 0.000000 0.199902
0.325714 0.000000 0.199902
0.324285 0.000000 0.199902
0.322856 0.000000 0.199902
0.321428 0.000000 0.199902
0.319999 0.000000 0.199902
0.318571 0.000000 0.199902
0.317142 0.000000 0.199902
0.315714 0.000000 0.199902
0.314285 0.000000 0.199902
0.272856 0.000000 0.199901
0.271428 0.000000 0.199901
0.269999 0.000000 0.199901
0.268571 0.000000 0.199901
0.267142 0.000000 0.199901
0.265714 0.000000 0.199901
0.264285 0.000000 0.199901
0.262856 0.000000 0.199901
0.261428 0.000000 0.199901
0.259999 0.000000 0.199901
0.258571 0.000000 0.199901
0.214285 0.000000 0.199900
0.212856 0.000000 0.199900
0.211428 0.000000 0.199900
0.209999 0.000000 0.199900
0.208571 0.000000 0.199900
0.207142 0.000000 0.199900
0.205714 0.000000 0.199900
0.204285 0.000000 0.199900
0.202856 0.000000 0.199900
0.201428 0.000000 0.199900
0.184285 0.000000 0.199900
0.182856 0.000000 0.199900
0.181428 0.000000 0.199900
0.179999 0.000000 0.199900
0.178571 0.000000 0.199900
0.177142 0.000000 0.199900
0.158571 0.000000 0.199899
0.157142 0.000000 0.199899
0.155714 0.000000 0.199899
0.154285 0.000000 0.199899
0.152856 0.000000 0.199899
0.151428 0.000000 0.199899
0.149999 0.000000 0.199899
0.148571 0.000000 0.199899
0.147142 0.000000 0.199899
0.145714 0.000000 0.199899
0.144285 0.000000 0.199899
0.128571 0.000000 0.199899
0.127142 0.000000 0.199899
0.125714 0.000000 0.199899
0.124285 0.000000 0.199899
0.122856 0.000000 0.199899
0.121428 0.000000 0.199899
0.119999 0.000000 0.199899
0.118571 0.000000 0.199899
0.117142 0.000000 0.199899
0.115714 0.000000 0.199899
0.114285 0.000000 0.199899
0.101428 0.000000 0.199899
0.099999 0.000000 0.199899
0.098571 0.000000 0.199898
0.097142 0.000000 0.199898
0.095714 0.000000 0.199898
0.094285 0.000000 0.199898
0.092856 0.000000 0.199898
0.091428 0.000000 0.199898
0.089999 0.000000 0.199898
0.088571 0.000000 0.199898
0.087142 0.000000 0.199898
0.075714 0.000000 0.199898
0.074285 0.000000 0.199898
0.072856 0.000000 0.199898
0.071428 0.000000 0.199898
0.069999 0.000000 0.199898
0.068571 0.000000 0.199898
0.067142 0.000000 0.199898
0.065714 0.000000 0.199898
0.064285 0.000000 0.199898
0.062856 0.000000 0.199898
0.061428 0.000000 0.199898
0.048571 0.000000 0.199898
0.047142 0.000000 0.199898
0.045714 0.000000 0.199898
0.044285 0.000000 0.199898
0.042856 0.000000 0.199898
0.041428 0.000000 0.199898
0.039999 0.000000 0.199898
0.038571 0.000000 0.199898
0.037142 0.000000 0.199898
0.035714 0.000000 0.199898
0.034285 0.000000 0.199898
0.007142 0.000000 0.199897
0.005714 0.000000 0.199897
0.004285 0.000000 0.199897
0.002856 0.000000 0.199897
0.001428 0.000000 0.199897
-0.000001 0.000000 0.199897
-0.001429 0.000000 0.199897
-0.002858 0.000000 0.199897
-0.004286 0.000000 0.199897
-0.005715 0.000000 0.199897
-0.007144 0.000000 0.199897
-0.021429 0.000000 0.199897
-0.022858 0.000000 0.199897
-0.024286 0.000000 0.199897
-0.025715 0.000000 0.199897
-0.027144 0.000000 0.199897
-0.028572 0.000000 0.199897
-0.030001 0.000000 0.199897
-0.031429 0.000000 0.199897
-0.032858 0.000000 0.199896
-0.034286 0.000000 0.199896
-0.035715 0.000000 0.199896
-0.048572 0.000000 0.199896
-0.050001 0.000000 0.199896
-0.051429 0.000000 0.199896
-0.052858 0.000000 0.199896
-0.054286 0.000000 0.199896
-0.055715 0.000000 0.199896
-0.057144 0.000000 0.199896
-0.058572 0.000000 0.199896
-0.060001 0.000000 0.199896
-0.061429 0.000000 0.199896
-0.062858 0.000000 0.199896
-0.074286 0.000000 0.199896
-0.075715 0.000000 0.199896
-0.077144 0.000000 0.199896
-0.078572 0.000000 0.199896
-0.080001 0.000000 0.199896
-0.081429 0.000000 0.199896
-0.082858 0.000000 0.199896
-0.084286 0.000000 0.199896
-0.085715 0.000000 0.199896
-0.087144 0.000000 0.199896
-0.088572 0.000000 0.199896
-0.100001 0.000000 0.199895
-0.101429 0.000000 0.199895
-0.102858 0.000000 0.199895
-0.104286 0.000000 0.199895
-0.105715 0.000000 0.199895
-0.107144 0.000000 0.199895
-0.108572 0.000000 0.199895
-0.110001 0.000000 0.199895
-0.111429 0.000000 0.199895
-0.112858 0.000000 0.199895
-0.114286 0.000000 0.199895
-0.145715 0.000000 0.199895
-0.147144 0.000000 0.199895
-0.148572 0.000000 0.199895
-0.150001 0.000000 0.199895
-0.151429 0.000000 0.199895
-0.152858 0.000000 0.199895
-0.154286 0.000000 0.199895
-0.155715 0.000000 0.199895
-0.157144 0.000000 0.199895
-0.158572 0.000000 0.199895
-0.160001 0.000000 0.199895
-0.174286 0.000000 0.199894
-0.175715 0.000000 0.199894
-0.177144 0.000000 0.199894
-0.178572 0.000000 0.199894
-0.180001 0.000000 0.199894
-0.181429 0.000000 0.199894
-0.182858 0.000000 0.199894
-0.184286 0.000000 0.199894
-0.185715 0.000000 0.199894
-0.187144 0.000000 0.199894
-0.188572 0.000000 0.199894
-0.200001 0.000000 0.199894
-0.201429 0.000000 0.199894
-0.202858 0.000000 0.199894
-0.204286 0.000000 0.199894
-0.205715 0.000000 0.199894
-0.207144 0.000000 0.199894
-0.208572 0.000000 0.199894
-0.210001 0.000000 0.199894
-0.211429 0.000000 0.199894
-0.212858 0.000000 0.199894
-0.214286 0.000000 0.199894
-0.224286 0.000000 0.199894
-0.225715 0.000000 0.199894
-0.227144 0.000000 0.199894
-0.228572 0.000000 0.199894
-0.230001 0.000000 0.199894
-0.231429 0.000000 0.199893
-0.232858 0.000000 0.199893
-0.234286 0.000000 0.199893
-0.235715 0.000000 0.199893
-0.237144 0.000000 0.199893
-0.238572 0.000000 0.199893
-0.250001 0.000000 0.199893
-0.251429 0.000000 0.199893
-0.252858 0.000000 0.199893
-0.254286 0.000000 0.199893
-0.255715 0.000000 0.199893
-0.257144 0.000000 0.199893
-0.258572 0.000000 0.199893
-0.260001 0.000000 0.199893
-0.261429 0.000000 0.199893
-0.262858 0.000000 0.199893
-0.264286 0.000000 0.199893
-0.305715 0.000000 0.199892
-0.307144 0.000000 0.199892
-0.308572 0.000000 0.199892
-0.310001 0.000000 0.199892
-0.311429 0.000000 0.199892
-0.312858 0.000000 0.199892
-0.314286 0.000000 0.199892
-0.315715 0.000000 0.199892
-0.317144 0.000000 0.199892
-0.318572 0.000000 0.199892
-0.320001 0.000000 0.199892
-0.340001 0.000000 0.199892
-0.341429 0.000000 0.199892
-0.342858 0.000000 0.199892
-0.344286 0.000000 0.199892
-0.345715 0.000000 0.199892
-0.347144 0.000000 0.199892
-0.348572 0.000000 0.199892
-0.350001 0.000000 0.199892
-0.351429 0.000000 0.199892
-0.352858 0.000000 0.199892
-0.354286 0.000000 0.199892
-0.377144 0.000000 0.199891
-0.378572 0.000000 0.199891
-0.380001 0.000000 0.199891
-0.381429 0.000000 0.199891
-0.382858 0.000000 0.199891
-0.384286 0.000000 0.199891
-0.385715 0.000000 0.199891
-0.387144 0.000000 0.199891
-0.388572 0.000000 0.199891
-0.390001 0.000000 0.199891
-0.391429 0.000000 0.199891
-0.411429 0.000000 0.199891
-0.412858 0.000000 0.199891
-0.414286 0.000000 0.199891
-0.415715 0.000000 0.199891
-0.417144 0.000000 0.199891
-0.418572 0.000000 0.199891
-0.420001 0.000000 0.199891
-0.421429 0.000000 0.199891
-0.422858 0.000000 0.199891
-0.424286 0.000000 0.199891
-0.425715 0.000000 0.199891
-0.455715 0.000000 0.199890
-0.457144 0.000000 0.199890
-0.458572 0.000000 0.199890
-0.460001 0.000000 0.199890
-0.461429 0.000000 0.199890
-0.462858 0.000000 0.199890
-0.464286 0.000000 0.199890
-0.465715 0.000000 0.199890
-0.467144 0.000000 0.199890
-0.468572 0.000000 0.199890
-0.470001 0.000000 0.199890
-0.482858 0.000000 0.199890
-0.484286 0.000000 0.199890
-0.485715 0.000000 0.199890
-0.487144 0.000000 0.199890
-0.488572 0.000000 0.199890
-0.490001 0.000000 0.199890
-0.491429 0.000000 0.199890
-0.492858 0.000000 0.199890
-0.494286 0.000000 0.199890
-0.495715 0.000000 0.199889
-0.527144 0.000000 0.199889
-0.532858 0.000000 0.199889
-0.552858 0.000000 0.199889
-0.571429 0.000000 0.199888
-0.572858 0.000000 0.199888
-0.575715 0.000000 0.199888
-0.577144 0.000000 0.199888
-0.578572 0.000000 0.199888
-0.580001 0.000000 0.199888
-0.581429 0.000000 0.199888
-0.582858 0.000000 0.199888
-0.584286 0.000000 0.199888
-0.585715 0.000000 0.199888
-0.587144 0.000000 0.199888
-0.588572 0.000000 0.199888
-0.590001 0.000000 0.199888
-0.607144 0.000000 0.199888
-0.608572 0.000000 0.199888
-0.610001 0.000000 0.199888
-0.611429 0.000000 0.199888
-0.612858 0.000000 0.199888
-0.614286 0.000000 0.199888
-0.615715 0.000000 0.199888
-0.617144 0.000000 0.199888
-0.618572 0.000000 0.199888
-0.620001 0.000000 0.199888
-0.621429 0.000000 0.199888
-0.638572 0.000000 0.199887
-0.640001 0.000000 0.199887
-0.641429 0.000000 0.199887
-0.642858 0.000000 0.199887
-0.644286 0.000000 0.199887
-0.645715 0.000000 0.199887
-0.647144 0.000000 0.199887
-0.648572 0.000000 0.199887
-0.650001 0.000000 0.199887
-0.651429 0.000000 0.199887
-0.652858 0.000000 0.199887
-0.668572 0.000000 0.199887
-0.670001 0.000000 0.199887
-0.671429 0.000000 0.199887
-0.672858 0.000000 0.199887
-0.674286 0.000000 0.199887
-0.675715 0.000000 0.199887
-0.677144 0.000000 0.199887
-0.678572 0.000000 0.199887
-0.680001 0.000000 0.199887
-0.681429 0.000000 0.199887
-0.682858 0.000000 0.199887
-0.714286 0.000000 0.199886
-0.715715 0.000000 0.199886
-0.717144 0.000000 0.199886
-0.718572 0.000000 0.199886
-0.720001 0.000000 0.199886
-0.721429 0.000000 0.199886
-0.722858 0.000000 0.199886
-0.724286 0.000000 0.199886
-0.725715 0.000000 0.199886
-0.727144 0.000000 0.199886
-0.728572 0.000000 0.199886
-0.745715 0.000000 0.199886
-0.747144 0.000000 0.199886
-0.748572 0.000000 0.199886
-0.750001 0.000000 0.199886
-0.751429 0.000000 0.199886
-0.752858 0.000000 0.199886
-0.754286 0.000000 0.199886
-0.755715 0.000000 0.199886
-0.757144 0.000000 0.199886
-0.758572 0.000000 0.199886
-0.760001 0.000000 0.199885
-0.775715 0.000000 0.199885
-0.777144 0.000000 0.199885
-0.778572 0.000000 0.199885
-0.780001 0.000000 0.199885
-0.781429 0.000000 0.199885
-0.782858 0.000000 0.199885
-0.784286 0.000000 0.199885
-0.785715 0.000000 0.199885
-0.787144 0.000000 0.199885
-0.788572 0.000000 0.199885
-0.790001 0.000000 0.199885
-0.801429 0.000000 0.199885
-0.802858 0.000000 0.199885
-0.804286 0.000000 0.199885
-0.805715 0.000000 0.199885
-0.807144 0.000000 0.199885
-0.808572 0.000000 0.199885
-0.810001 0.000000 0.199885
-0.811429 0.000000 0.199885
-0.812858 0.000000 0.199885
-0.814286 0.000000 0.199885
-0.815715 0.000000 0.199885
-0.831429 0.000000 0.199884
-0.832858 0.000000 0.199884
-0.834286 0.000000 0.199884
-0.835715 0.000000 0.199884
-0.837144 0.000000 0.199884
-0.838572 0.000000 0.199884
-0.840001 0.000000 0.199884
-0.841429 0.000000 0.199884
-0.842858 0.000000 0.199884
-0.844286 0.000000 0.199884
-0.845715 0.000000 0.199884
-0.877144 0.000000 0.199884
-0.878572 0.000000 0.199884
-0.880001 0.000000 0.199884
-0.881429 0.000000 0.199884
-0.882858 0.000000 0.199884
-0.884286 0.000000 0.199884
-0.885715 0.000000 0.199884
-0.887144 0.000000 0.199884
-0.888572 0.000000 0.199884
-0.890001 0.000000 0.199884
-0.891429 0.000000 0.199884
-0.908572 0.000000 0.199883
-0.910001 0.000000 0.199883
-0.911429 0.000000 0.199883
-0.912858 0.000000 0.199883
-0.914286 0.000000 0.199883
-0.915715 0.000000 0.199883
-0.917144 0.000000 0.199883
-0.918572 0.000000 0.199883
-0.920001 0.000000 0.199883
-0.921429 0.000000 0.199883
-0.922858 0.000000 0.199883
-0.938572 0.000000 0.199883
-0.940001 0.000000 0.199883
-0.941429 0.000000 0.199883
-0.942858 0.000000 0.199883
-0.944286 0.000000 0.199883
-0.945715 0.000000 0.199883
-0.947144 0.000000 0.199883
-0.948572 0.000000 0.199883
-0.950001 0.000000 0.199883
-0.951429 0.000000 0.199883
-0.952858 0.000000 0.199883
-0.962858 0.000000 0.199882
-0.964286 0.000000 0.199882
-0.965715 0.000000 0.199882
-0.967144 0.000000 0.199882
-0.968572 0.000000 0.199882
-0.970001 0.000000 0.199882
-0.971429 0.000000 0.199882
-0.972858 0.000000 0.199882
-0.975715 0.000000 0.199882
-1.014286 0.000000 0.199882
-1.015715 0.000000 0.199882
-1.048572 0.000000 0.199881
-1.051429 0.000000 0.199881
-1.054286 0.000000 0.199881
-1.057144 0.000000 0.199881
-1.058572 0.000000 0.199881
-1.085715 0.000000 0.199881
-1.087144 0.000000 0.199881
-1.088572 0.000000 0.199881
-1.090001 0.000000 0.199880
-1.091429 0.000000 0.199880
-1.092858 0.000000 0.199880
-1.094286 0.000000 0.199880
-1.095715 0.000000 0.199880
-1.097144 0.000000 0.199880
-1.098572 0.000000 0.199880
-1.100001 0.000000 0.199880
-1.101429 0.000000 0.199880
-1.105715 0.000000 0.199880
-1.107144 0.000000 0.199880
-1.108572 0.000000 0.199880
-1.110001 0.000000 0.199880
-1.111429 0.000000 0.199880
-1.112858 0.000000 0.199880
-1.114286 0.000000 0.199880
-1.115715 0.000000 0.199880
-1.117144 0.000000 0.199880
-1.118572 0.000000 0.199880
-1.120001 0.000000 0.199880
-1.152858 0.000000 0.199880
-1.154286 0.000000 0.199880
-1.155715 0.000000 0.199880
-1.157144 0.000000 0.199879
-1.158572 0.000000 0.199879
-1.160001 0.000000 0.199879
-1.161429 0.000000 0.199879
-1.162858 0.000000 0.199879
-1.164286 0.000000 0.199879
-1.165715 0.000000 0.199879
-1.167144 0.000000 0.199879
-1.190001 0.000000 0.199879
-1.191429 0.000000 0.199879
-1.192858 0.000000 0.199879
-1.194286 0.000000 0.199879
-1.195715 0.000000 0.199879
-1.197144 0.000000 0.199879
-1.198572 0.000000 0.199879
-1.200001 0.000000 0.199879
-1.201429 0.000000 0.199879
-1.202858 0.000000 0.199879
-1.204286 0.000000 0.199879
-1.227144 0.000000 0.199878
-1.228572 0.000000 0.199878
-1.230001 0.000000 0.199878
-1.231429 0.000000 0.199878
-1.240001 0.000000 0.199878
-1.270001 0.000000 0.199878
-1.271429 0.000000 0.199878
-1.280001 0.000000 0.199878
-1.281429 0.000000 0.199878
-1.284286 0.000000 0.199878
-1.285715 0.000000 0.199878
-1.287144 0.000000 0.199878
-1.288572 0.000000 0.199877
-1.290001 0.000000 0.199877
-1.291429 0.000000 0.199877
-1.292858 0.000000 0.199877
-1.310001 0.000000 0.199877
-1.311429 0.000000 0.199877
-1.312858 0.000000 0.199877
-1.314286 0.000000 0.199877
-1.315715 0.000000 0.199877
-1.317144 0.000000 0.199877
-1.318572 0.000000 0.199877
-1.320001 0.000000 0.199877
-1.321429 0.000000 0.199877
-1.322858 0.000000 0.199877
-1.324286 0.000000 0.199877
-1.342858 0.000000 0.199877
-1.344286 0.000000 0.199877
-1.345715 0.000000 0.199877
-1.347144 0.000000 0.199877
-1.348572 0.000000 0.199877
-1.350001 0.000000 0.199877
-1.351429 0.000000 0.199877
-1.352858 0.000000 0.199877
-1.354286 0.000000 0.199876
-1.355715 0.000000 0.199876
-1.357144 0.000000 0.199876
-1.381429 0.000000 0.199876
-1.382858 0.000000 0.199876
-1.384286 0.000000 0.199876
-1.385715 0.000000 0.199876
-1.387144 0.000000 0.199876
-1.388572 0.000000 0.199876
-1.390001 0.000000 0.199876
-1.391429 0.000000 0.199876
-1.392858 0.000000 0.199876
-1.394286 0.000000 0.199876
-1.395715 0.000000 0.199876
-1.401429 0.000000 0.199876
-1.402858 0.000000 0.199876
-1.404286 0.000000 0.199876
-1.405715 0.000000 0.199876
-1.407144 0.000000 0.199876
-1.408572 0.000000 0.199876
-1.410001 0.000000 0.199876
-1.411429 0.000000 0.199876
-1.412858 0.000000 0.199876
-1.414286 0.000000 0.199876
-1.468572 0.000000 0.199875
-1.481429 0.000000 0.199875
-1.482858 0.000000 0.199875
-1.484286 0.000000 0.199875
-1.485715 0.000000 0.199875
-1.487144 0.000000 0.199874
-1.488572 0.000000 0.199874
-1.490001 0.000000 0.199874
-1.491429 0.000000 0.199874
-1.510001 0.000000 0.199874
-1.511429 0.000000 0.199874
-1.512858 0.000000 0.199874
-1.514286 0.000000 0.199874
-1.515715 0.000000 0.199874
-1.517144 0.000000 0.199874
-1.518572 0.000000 0.199874
-1.520001 0.000000 0.199874
-1.521429 0.000000 0.199874
-1.522858 0.000000 0.199874
-1.524286 0.000000 0.199874
-1.525715 0.000000 0.199874
-1.558572 0.000000 0.199873
-1.560001 0.000000 0.199873
-1.561429 0.000000 0.199873
-1.562858 0.000000 0.199873
-1.564286 0.000000 0.199873
-1.565715 0.000000 0.199873
-1.567144 0.000000 0.199873
-1.568572 0.000000 0.199873
-1.570001 0.000000 0.199873
-1.571429 0.000000 0.199873
-1.572858 0.000000 0.199873
-1.600001 0.000000 0.199873
-1.601429 0.000000 0.199873
-1.602858 0.000000 0.199873
-1.604286 0.000000 0.199873
-1.605715 0.000000 0.199873
-1.607144 0.000000 0.199873
-1.608572 0.000000 0.199873
-1.610001 0.000000 0.199873
-1.611429 0.000000 0.199873
-1.612858 0.000000 0.199873
-1.614286 0.000000 0.199873
-1.632858 0.000000 0.199872
-1.634286 0.000000 0.199872
-1.635715 0.000000 0.199872
-1.637144 0.000000 0.199872
-1.638572 0.000000 0.199872
-1.640001 0.000000 0.199872
-1.641429 0.000000 0.199872
-1.642858 0.000000 0.199872
-1.644286 0.000000 0.199872
-1.645715 0.000000 0.199872
-1.647144 0.000000 0.199872
-1.680001 0.000000 0.199872
-1.681429 0.000000 0.199872
-1.682858 0.000000 0.199872
-1.684286 0.000000 0.199872
-1.685715 0.000000 0.199871
-1.687144 0.000000 0.199871
-1.688572 0.000000 0.199871
-1.690001 0.000000 0.199871
-1.691429 0.000000 0.199871
-1.692858 0.000000 0.199871
-1.694286 0.000000 0.199871
-1.721429 0.000000 0.199871
-1.722858 0.000000 0.199871
-1.724286 0.000000 0.199871
-1.725715 0.000000 0.199871
-1.727144 0.000000 0.199871
-1.728572 0.000000 0.199871
-1.730001 0.000000 0.199871
-1.731429 0.000000 0.199871
-1.732858 0.000000 0.199871
-1.734286 0.000000 0.199871
-1.735715 0.000000 0.199871
-1.761429 0.000000 0.199870
-1.762858 0.000000 0.199870
-1.764286 0.000000 0.199870
-1.765715 0.000000 0.199870
-1.767144 0.000000 0.199870
-1.768572 0.000000 0.199870
-1.770001 0.000000 0.199870
-1.771429 0.000000 0.199870
-1.772858 0.000000 0.199870
-1.774286 0.000000 0.199870
-1.794286 0.000000 0.199870
-1.801429 0.000000 0.199870
-1.802858 0.000000 0.199870
-1.808572 0.000000 0.199870
-1.810001 0.000000 0.199870
-1.811429 0.000000 0.199870
-1.812858 0.000000 0.199870
-1.814286 0.000000 0.199870
-1.815715 0.000000 0.199870
-1.817144 0.000000 0.199869
-1.818572 0.000000 0.199869
-1.820001 0.000000 0.199869
-1.821429 0.000000 0.199869
-1.822858 0.000000 0.199869
-1.842858 0.000000 0.199869
-1.844286 0.000000 0.199869
-1.845715 0.000000 0.199869
-1.847144 0.000000 0.199869
-1.848572 0.000000 0.199869
-1.850001 0.000000 0.199869
-1.851429 0.000000 0.199869
-1.852858 0.000000 0.199869
-1.854286 0.000000 0.199869
-1.855715 0.000000 0.199869
-1.904286 0.000000 0.199868
-1.905715 0.000000 0.199868
-1.907144 0.000000 0.199868
-1.908572 0.000000 0.199868
-1.910001 0.000000 0.199868
-1.911429 0.000000 0.199868
-1.912858 0.000000 0.199868
-1.914286 0.000000 0.199868
-1.915715 0.000000 0.199868
-1.917144 0.000000 0.199868
-1.918572 0.000000 0.199868
-1.925715 0.000000 0.199868
-1.927144 0.000000 0.199868
-1.928572 0.000000 0.199868
-1.930001 0.000000 0.199868
-1.931429 0.000000 0.199868
-1.932858 0.000000 0.199868
-1.934286 0.000000 0.199868
-1.935715 0.000000 0.199868
-1.937144 0.000000 0.199868
-1.938572 0.000000 0.199868
-1.940001 0.000000 0.199868
-1.951429 0.000000 0.199867
-1.952858 0.000000 0.199867
-1.954286 0.000000 0.199867
-1.955715 0.000000 0.199867
-1.957144 0.000000 0.199867
-1.958572 0.000000 0.199867
-1.960001 0.000000 0.199867
-1.961429 0.000000 0.199867
-1.962858 0.000000 0.199867
-1.964286 0.000000 0.199867
-1.965715 0.000000 0.199867
-1.985715 0.000000 0.199867
-1.987144 0.000000 0.199867
-1.988572 0.000000 0.199867
-1.990001 0.000000 0.199867
-1.991429 0.000000 0.199867
-1.992858 0.000000 0.199867
-1.994286 0.000000 0.199867
-1.995715 0.000000 0.199867
-1.997144 0.000000 0.199867
-1.998572 0.000000 0.199867
-2.000001 0.000000 0.199867
-2.021429 0.000000 0.199866
-2.024286 0.000000 0.199866
-2.027144 0.000000 0.199866
-2.028572 0.000000 0.199866
-2.031429 0.000000 0.199866
-2.077144 0.000000 0.199866
-2.078572 0.000000 0.199866
-2.081429 0.000000 0.199865
-2.084286 0.000000 0.199865
-2.085715 0.000000 0.199865
-2.087144 0.000000 0.199865
-2.088572 0.000000 0.199865
-2.090001 0.000000 0.199865
-2.091429 0.000000 0.199865
-2.092858 0.000000 0.199865
-2.095715 0.000000 0.199865
-2.107144 0.000000 0.199865
-2.108572 0.000000 0.199865
-2.117144 0.000000 0.199865
-2.118572 0.000000 0.199865
-2.120001 0.000000 0.199865
-2.121429 0.000000 0.199865
-2.122858 0.000000 0.199865
-2.124286 0.000000 0.199865
-2.125715 0.000000 0.199865
-2.127144 0.000000 0.199865
-2.128572 0.000000 0.199865
-2.130001 0.000000 0.199865
-2.131429 0.000000 0.199865
-2.167144 0.000000 0.199864
-2.168572 0.000000 0.199864
-2.170001 0.000000 0.199864
-2.171429 0.000000 0.199864
-2.172858 0.000000 0.199864
-2.174286 0.000000 0.199864
-2.175715 0.000000 0.199864
-2.177144 0.000000 0.199864
-2.178572 0.000000 0.199864
-2.180001 0.000000 0.199864
-2.181429 0.000000 0.199864
-2.182858 0.000000 0.199864
-2.187144 0.000000 0.199864
-2.188572 0.000000 0.199864
-2.190001 0.000000 0.199864
-2.191429 0.000000 0.199864
-2.192858 0.000000 0.199864
-2.194286 0.000000 0.199864
-2.195715 0.000000 0.199864
-2.197144 0.000000 0.199864
-2.198572 0.000000 0.199864
-2.200001 0.000000 0.199864
-2.201429 0.000000 0.199864
-2.214286 0.000000 0.199863
-2.215715 0.000000 0.199863
-2.217144 0.000000 0.199863
-2.218572 0.000000 0.199863
-2.220001 0.000000 0.199863
-2.221429 0.000000 0.199863
-2.222858 0.000000 0.199863
-2.224286 0.000000 0.199863
-2.225715 0.000000 0.199863
-2.227144 0.000000 0.199863
-2.228572 0.000000 0.199863
-2.242858 0.000000 0.199863
-2.244286 0.000000 0.199863
-2.245715 0.000000 0.199863
-2.247144 0.000000 0.199863
-2.248572 0.000000 0.199863
-2.250001 0.000000 0.199863
-2.251429 0.000000 0.199863
-2.252858 0.000000 0.199863
-2.254286 0.000000 0.199863
-2.255715 0.000000 0.199863
-2.312858 0.000000 0.199862
-2.320001 0.000000 0.199862
-2.321429 0.000000 0.199862
-2.322858 0.000000 0.199862
-2.324286 0.000000 0.199862
-2.325715 0.000000 0.199862
-2.327144 0.000000 0.199862
-2.328572 0.000000 0.199862
-2.330001 0.000000 0.199862
-2.331429 0.000000 0.199862
-2.332858 0.000000 0.199862
-2.334286 0.000000 0.199862
-2.335715 0.000000 0.199862
-2.337144 0.000000 0.199862
-2.348572 0.000000 0.199861
-2.350001 0.000000 0.199861
-2.351429 0.000000 0.199861
-2.352858 0.000000 0.199861
-2.354286 0.000000 0.199861
-2.355715 0.000000 0.199861
-2.357144 0.000000 0.199861
-2.358572 0.000000 0.199861
-2.360001 0.000000 0.199861
-2.361429 0.000000 0.199861
-2.362858 0.000000 0.199861
-2.397144 0.000000 0.199861
-2.398572 0.000000 0.199861
-2.400001 0.000000 0.199861
-2.401429 0.000000 0.199861
-2.402858 0.000000 0.199861
-2.404286 0.000000 0.199861
-2.410001 0.000000 0.199861
-2.411429 0.000000 0.199861
-2.412858 0.000000 0.199860
-2.414286 0.000000 0.199860
-2.415715 0.000000 0.199860
-2.417144 0.000000 0.199860
-2.418572 0.000000 0.199860
-2.420001 0.000000 0.199860
-2.421429 0.000000 0.199860
-2.422858 0.000000 0.199860
-2.424286 0.000000 0.199860
-2.425715 0.000000 0.199860
-2.427144 0.000000 0.199860
-2.431429 0.000000 0.199860
-2.432858 0.000000 0.199860
-2.434286 0.000000 0.199860
-2.435715 0.000000 0.199860
-2.437144 0.000000 0.199860
-2.438572 0.000000 0.199860
-2.440001 0.000000 0.199860
-2.441429 0.000000 0.199860
-2.442858 0.000000 0.199860
-2.444286 0.000000 0.199860
-2.445715 0.000000 0.199860
-2.467144 0.000000 0.199860
-2.468572 0.000000 0.199860
-2.470001 0.000000 0.199860
-2.471429 0.000000 0.199860
-2.472858 0.000000 0.199860
-2.474286 0.000000 0.199860
-2.475715 0.000000 0.199860
-2.477144 0.000000 0.199860
-2.478572 0.000000 0.199859
-2.480001 0.000000 0.199859
-2.481429 0.000000 0.199859
-2.494286 0.000000 0.199859
-2.495715 0.000000 0.199859
-2.497144 0.000000 0.199859
-2.498572 0.000000 0.199859
-2.500001 0.000000 0.199859
-2.501429 0.000000 0.199859
-2.502858 0.000000 0.199859
-2.504286 0.000000 0.199859
-2.505715 0.000000 0.199859
-2.507144 0.000000 0.199859
-2.508572 0.000000 0.199859
-2.524286 0.000000 0.199859
-2.525715 0.000000 0.199859
-2.527144 0.000000 0.199859
-2.528572 0.000000 0.199859
-2.530001 0.000000 0.199859
-2.531429 0.000000 0.199859
-2.532858 0.000000 0.199859
-2.534286 0.000000 0.199859
-2.535715 0.000000 0.199859
-2.537144 0.000000 0.199859
-2.538572 0.000000 0.199859
-2.578572 0.000000 0.199858
-2.580001 0.000000 0.199858
-2.581429 0.000000 0.199858
-2.582858 0.000000 0.199858
-2.584286 0.000000 0.199858
-2.585715 0.000000 0.199858
-2.587144 0.000000 0.199858
-2.588572 0.000000 0.199858
-2.590001 0.000000 0.199858
-2.591429 0.000000 0.199858
-2.592858 0.000000 0.199858
-2.628572 0.000000 0.199857
-2.630001 0.000000 0.199857
-2.631429 0.000000 0.199857
-2.632858 0.000000 0.199857
-2.634286 0.000000 0.199857
-2.635715 0.000000 0.199857
-2.637144 0.000000 0.199857
-2.638572 0.000000 0.199857
-2.640001 0.000000 0.199857
-2.641429 0.000000 0.199857
-2.642858 0.000000 0.199857
-2.652858 0.000000 0.199857
-2.654286 0.000000 0.199857
-2.655715 0.000000 0.199857
-2.657144 0.000000 0.199857
-2.658572 0.000000 0.199857
-2.660001 0.000000 0.199857
-2.661429 0.000000 0.199857
-2.662858 0.000000 0.199857
-2.664286 0.000000 0.199857
-2.665715 0.000000 0.199857
-2.667144 0.000000 0.199857
-2.687144 0.000000 0.199856
-2.688572 0.000000 0.199856
-2.690001 0.000000 0.199856
-2.691429 0.000000 0.199856
-2.692858 0.000000 0.199856
-2.694286 0.000000 0.199856
-2.695715 0.000000 0.199856
-2.697144 0.000000 0.199856
-2.698572 0.000000 0.199856
-2.700001 0.000000 0.199856
-2.701429 0.000000 0.199856
-2.715715 0.000000 0.199856
-2.717144 0.000000 0.199856
-2.718572 0.000000 0.199856
-2.728572 0.000000 0.199856
-2.730001 0.000000 0.199856
-2.755715 0.000000 0.199855
-2.757144 0.000000 0.199855
-2.758572 0.000000 0.199855
-2.760001 0.000000 0.199855
-2.761429 0.000000 0.199855
-2.762858 0.000000 0.199855
-2.764286 0.000000 0.199855
-2.765715 0.000000 0.199855
-2.767144 0.000000 0.199855
-2.768572 0.000000 0.199855
-2.770001 0.000000 0.199855
-2.771429 0.000000 0.199855
-2.772858 0.000000 0.199855
-2.774286 0.000000 0.199855
-2.775715 0.000000 0.199855
-2.778572 0.000000 0.199855
-2.780001 0.000000 0.199855
-2.781429 0.000000 0.199855
-2.782858 0.000000 0.199855
-2.784286 0.000000 0.199855
-2.785715 0.000000 0.199855
-2.787144 0.000000 0.199855
-2.788572 0.000000 0.199855
-2.790001 0.000000 0.199855
-2.791429 0.000000 0.199855
-2.792858 0.000000 0.199855
-2.810001 0.000000 0.199854
-2.811429 0.000000 0.199854
-2.812858 0.000000 0.199854
-2.814286 0.000000 0.199854
-2.817144 0.000000 0.199854
-2.822858 0.000000 0.199854
-2.824286 0.000000 0.199854
-2.837144 0.000000 0.199854
-2.840001 0.000000 0.199854
-2.842858 0.000000 0.199854
-2.845715 0.000000 0.199854
-2.847144 0.000000 0.199854
-2.848572 0.000000 0.199854
-2.872858 0.000000 0.199854
-2.874286 0.000000 0.199853
-2.875715 0.000000 0.199853
-2.877144 0.000000 0.199853
-2.878572 0.000000 0.199853
-2.880001 0.000000 0.199853
-2.881429 0.000000 0.199853
-2.882858 0.000000 0.199853
-2.884286 0.000000 0.199853
-2.885715 0.000000 0.199853
-2.887144 0.000000 0.199853
-2.900001 0.000000 0.199853
-2.901429 0.000000 0.199853
-2.902858 0.000000 0.199853
-2.904286 0.000000 0.199853
-2.905715 0.000000 0.199853
-2.907144 0.000000 0.199853
-2.908572 0.000000 0.199853
-2.910001 0.000000 0.199853
-2.911429 0.000000 0.199853
-2.912858 0.000000 0.199853
-2.914286 0.000000 0.199853
-2.927144 0.000000 0.199853
-2.928572 0.000000 0.199853
-2.930001 0.000000 0.199853
-2.931429 0.000000 0.199853
-2.932858 0.000000 0.199853
-2.934286 0.000000 0.199853
-2.935715 0.000000 0.199853
-2.937144 0.000000 0.199853
-2.938572 0.000000 0.199853
-2.940001 0.000000 0.199853
-2.972858 0.000000 0.199852
-2.974286 0.000000 0.199852
-2.987144 0.000000 0.199852
-2.988572 0.000000 0.199852
-2.990001 0.000000 0.199852
-2.991429 0.000000 0.199852
-2.992858 0.000000 0.199852
-2.994286 0.000000 0.199852
-2.995715 0.000000 0.199852
-2.997144 0.000000 0.199852
-2.998572 0.000000 0.199852
-3.000001 0.000000 0.199852
-3.001429 0.000000 0.199852
-3.008572 0.000000 0.199851
-3.010001 0.000000 0.199851
-3.011429 0.000000 0.199851
-3.012858 0.000000 0.199851
-3.014286 0.000000 0.199851
-3.015715 0.000000 0.199851
-3.017144 0.000000 0.199851
-3.018572 0.000000 0.199851
-3.020001 0.000000 0.199851
-3.021429 0.000000 0.199851
-3.022858 0.000000 0.199851
-3.034286 0.000000 0.199851
-3.035715 0.000000 0.199851
-3.037144 0.000000 0.199851
-3.038572 0.000000 0.199851
-3.040001 0.000000 0.199851
-3.041429 0.000000 0.199851
-3.042858 0.000000 0.199851
-3.044286 0.000000 0.199851
-3.045715 0.000000 0.199851
-3.047144 0.000000 0.199851
-3.048572 0.000000 0.199851
-3.058572 0.000000 0.199851
-3.060001 0.000000 0.199851
-3.061429 0.000000 0.199851
-3.062858 0.000000 0.199851
-3.064286 0.000000 0.199851
-3.065715 0.000000 0.199851
-3.067144 0.000000 0.199851
-3.068572 0.000000 0.199851
-3.070001 0.000000 0.199851
-3.071429 0.000000 0.199851
-3.072858 0.000000 0.199850
-3.081429 0.000000 0.199850
-3.082858 0.000000 0.199850
-3.084286 0.000000 0.199850
-3.085715 0.000000 0.199850
-3.087144 0.000000 0.199850
-3.088572 0.000000 0.199850
-3.090001 0.000000 0.199850
-3.091429 0.000000 0.199850
-3.092858 0.000000 0.199850
-3.094286 0.000000 0.199850
-3.095715 0.000000 0.199850
-3.108572 0.000000 0.199850
-3.110001 0.000000 0.199850
-3.111429 0.000000 0.199850
-3.112858 0.000000 0.199850
-3.114286 0.000000 0.199850
-3.115715 0.000000 0.199850
-3.117144 0.000000 0.199850
-3.118572 0.000000 0.199850
-3.120001 0.000000 0.199850
-3.121429 0.000000 0.199850
-3.122858 0.000000 0.199850
-3.162858 0.000000 0.199849
-3.164286 0.000000 0.199849
-3.165715 0.000000 0.199849
-3.167144 0.000000 0.199849
-3.168572 0.000000 0.199849
-3.170001 0.000000 0.199849
-3.171429 0.000000 0.199849
-3.172858 0.000000 0.199849
-3.174286 0.000000 0.199849
-3.175715 0.000000 0.199849
-3.177144 0.000000 0.199849
-3.195715 0.000000 0.199849
-3.197144 0.000000 0.199849
-3.198572 0.000000 0.199849
-3.200001 0.000000 0.199849
-3.201429 0.000000 0.199849
-3.202858 0.000000 0.199849
-3.204286 0.000000 0.199849
-3.205715 0.000000 0.199848
-3.207144 0.000000 0.199848
-3.208572 0.000000 0.199848
-3.210001 0.000000 0.199848
-3.221429 0.000000 0.199848
-3.222858 0.000000 0.199848
-3.224286 0.000000 0.199848
-3.225715 0.000000 0.199848
-3.227144 0.000000 0.199848
-3.228572 0.000000 0.199848
-3.230001 0.000000 0.199848
-3.231429 0.000000 0.199848
-3.232858 0.000000 0.199848
-3.234286 0.000000 0.199848
-3.235715 0.000000 0.199848
-3.257144 0.000000 0.199848
-3.258572 0.000000 0.199848
-3.260001 0.000000 0.199848
-3.261429 0.000000 0.199848
-3.262858 0.000000 0.199848
-3.264286 0.000000 0.199848
-3.265715 0.000000 0.199848
-3.267144 0.000000 0.199848
-3.268572 0.000000 0.199848
-3.270001 0.000000 0.199848
-3.271429 0.000000 0.199847
-3.301429 0.000000 0.199847
-3.302858 0.000000 0.199847
-3.304286 0.000000 0.199847
-3.305715 0.000000 0.199847
-3.307144 0.000000 0.199847
-3.308572 0.000000 0.199847
-3.310001 0.000000 0.199847
-3.311429 0.000000 0.199847
-3.312858 0.000000 0.199847
-3.314286 0.000000 0.199847
-3.315715 0.000000 0.199847
-3.330001 0.000000 0.199847
-3.331429 0.000000 0.199847
-3.332858 0.000000 0.199847
-3.334286 0.000000 0.199847
-3.335715 0.000000 0.199847
-3.337144 0.000000 0.199846
-3.338572 0.000000 0.199846
-3.340001 0.000000 0.199846
-3.341429 0.000000 0.199846
-3.342858 0.000000 0.199846
-3.344286 0.000000 0.199846
-3.365715 0.000000 0.199846
-3.367144 0.000000 0.199846
-3.368572 0.000000 0.199846
-3.370001 0.000000 0.199846
-3.371429 0.000000 0.199846
-3.372858 0.000000 0.199846
-3.374286 0.000000 0.199846
-3.375715 0.000000 0.199846
-3.377144 0.000000 0.199846
-3.378572 0.000000 0.199846
-3.380001 0.000000 0.199846
-3.408572 0.000000 0.199845
-3.410001 0.000000 0.199845
-3.414286 0.000000 0.199845
-3.415715 0.000000 0.199845
-3.417144 0.000000 0.199845
-3.418572 0.000000 0.199845
-3.420001 0.000000 0.199845
-3.421429 0.000000 0.199845
-3.422858 0.000000 0.199845
-3.465715 0.000000 0.199845
-3.467144 0.000000 0.199845
-3.468572 0.000000 0.199845
-3.470001 0.000000 0.199844
-3.471429 0.000000 0.199844
-3.472858 0.000000 0.199844
-3.474286 0.000000 0.199844
-3.475715 0.000000 0.199844
-3.477144 0.000000 0.199844
-3.478572 0.000000 0.199844
-3.480001 0.000000 0.199844
-3.502858 0.000000 0.199844
-3.504286 0.000000 0.199844
-3.505715 0.000000 0.199844
-3.507144 0.000000 0.199844
-3.508572 0.000000 0.199844
-3.510001 0.000000 0.199844
-3.511429 0.000000 0.199844
-3.512858 0.000000 0.199844
-3.514286 0.000000 0.199844
-3.515715 0.000000 0.199844
-3.542858 0.000000 0.199843
-3.550001 0.000000 0.199843
-3.551429 0.000000 0.199843
-3.552858 0.000000 0.199843
-3.554286 0.000000 0.199843
-3.555715 0.000000 0.199843
-3.557144 0.000000 0.199843
-3.558572 0.000000 0.199843
-3.560001 0.000000 0.199843
-3.561429 0.000000 0.199843
-3.562858 0.000000 0.199843
-3.564286 0.000000 0.199843
-3.565715 0.000000 0.199843
-3.578572 0.000000 0.199843
-3.580001 0.000000 0.199843
-3.581429 0.000000 0.199843
-3.582858 0.000000 0.199843
-3.584286 0.000000 0.199843
-3.585715 0.000000 0.199843
-3.587144 0.000000 0.199843
-3.588572 0.000000 0.199843
-3.590001 0.000000 0.199843
-3.591429 0.000000 0.199843
-3.592858 0.000000 0.199843
-3.612858 0.000000 0.199842
-3.614286 0.000000 0.199842
-3.615715 0.000000 0.199842
-3.617144 0.000000 0.199842
-3.618572 0.000000 0.199842
-3.620001 0.000000 0.199842
-3.621429 0.000000 0.199842
-3.622858 0.000000 0.199842
-3.624286 0.000000 0.199842
-3.625715 0.000000 0.199842
-3.627144 0.000000 0.199842
-3.645715 0.000000 0.199842
-3.647144 0.000000 0.199842
-3.648572 0.000000 0.199842
-3.650001 0.000000 0.199842
-3.651429 0.000000 0.199842
-3.652858 0.000000 0.199842
-3.654286 0.000000 0.199842
-3.655715 0.000000 0.199842
-3.657144 0.000000 0.199842
-3.658572 0.000000 0.199842
-3.660001 0.000000 0.199842
-3.682858 0.000000 0.199841
-3.684286 0.000000 0.199841
-3.685715 0.000000 0.199841
-3.687144 0.000000 0.199841
-3.688572 0.000000 0.199841
-3.690001 0.000000 0.199841
-3.691429 0.000000 0.199841
-3.692858 0.000000 0.199841
-3.694286 0.000000 0.199841
-3.695715 0.000000 0.199841
-3.697144 0.000000 0.199841
-3.722858 0.000000 0.199841
-3.724286 0.000000 0.199841
-3.725715 0.000000 0.199841
-3.727144 0.000000 0.199841
-3.728572 0.000000 0.199841
-3.730001 0.000000 0.199841
-3.731429 0.000000 0.199841
-3.732858 0.000000 0.199841
-3.734286 0.000000 0.199840
-3.735715 0.000000 0.199840
-3.737144 0.000000 0.199840
-3.754286 0.000000 0.199840
-3.755715 0.000000 0.199840
-3.757144 0.000000 0.199840
-3.758572 0.000000 0.199840
-3.760001 0.000000 0.199840
-3.761429 0.000000 0.199840
-3.762858 0.000000 0.199840
-3.764286 0.000000 0.199840
-3.765715 0.000000 0.199840
-3.767144 0.000000 0.199840
-3.768572 0.000000 0.199840
-3.777144 0.000000 0.199840
-3.778572 0.000000 0.199840
-3.780001 0.000000 0.199840
-3.781429 0.000000 0.199840
-3.782858 0.000000 0.199840
-3.784286 0.000000 0.199840
-3.785715 0.000000 0.199840
-3.787144 0.000000 0.199840
-3.788572 0.000000 0.199840
-3.790001 0.000000 0.199840
-3.791429 0.000000 0.199840
-3.804286 0.000000 0.199839
-3.805715 0.000000 0.199839
-3.807144 0.000000 0.199839
-3.808572 0.000000 0.199839
-3.810001 0.000000 0.199839
-3.811429 0.000000 0.199839
-3.812858 0.000000 0.199839
-3.814286 0.000000 0.199839
-3.815715 0.000000 0.199839
-3.817144 0.000000 0.199839
-3.818572 0.000000 0.199839
-3.840001 0.000000 0.199839
-3.841429 0.000000 0.199839
-3.842858 0.000000 0.199839
-3.844286 0.000000 0.199839
-3.845715 0.000000 0.199839
-3.847144 0.000000 0.199839
-3.851429 0.000000 0.199839
-3.852858 0.000000 0.199839
-3.854286 0.000000 0.199839
-3.882858 0.000000 0.199838
-3.884286 0.000000 0.199838
-3.885715 0.000000 0.199838
-3.887144 0.000000 0.199838
-3.888572 0.000000 0.199838
-3.890001 0.000000 0.199838
-3.891429 0.000000 0.199838
-3.892858 0.000000 0.199838
-3.894286 0.000000 0.199838
-3.895715 0.000000 0.199838
-3.897144 0.000000 0.199838
-3.915715 0.000000 0.199838
-3.917144 0.000000 0.199838
-3.918572 0.000000 0.199838
-3.920001 0.000000 0.199838
-3.921429 0.000000 0.199838
-3.922858 0.000000 0.199838
-3.924286 0.000000 0.199838
-3.925715 0.000000 0.199838
-3.927144 0.000000 0.199838
-3.928572 0.000000 0.199838
-3.930001 0.000000 0.199838
-3.950001 0.000000 0.199837
-3.951429 0.000000 0.199837
-3.952858 0.000000 0.199837
-3.954286 0.000000 0.199837
-3.955715 0.000000 0.199837
-3.957144 0.000000 0.199837
-3.958572 0.000000 0.199837
-3.960001 0.000000 0.199837
-3.962858 0.000000 0.199837
-3.964286 0.000000 0.199837
-3.970001 0.000000 0.199837
-3.972858 0.000000 0.199837
-3.974286 0.000000 0.199837
-3.977144 0.000000 0.199837
-3.980001 0.000000 0.199837
-3.981429 0.000000 0.199837
-3.987144 0.000000 0.199837
-3.988572 0.000000 0.199837
-3.990001 0.000000 0.199837
-3.995715 0.000000 0.199837
-3.998572 0.000000 0.199836
-4.000001 0.000000 0.199836
-4.004286 0.000000 0.199836
-4.007144 0.000000 0.199836
-4.008572 0.000000 0.199836
-4.011429 0.000000 0.199836
-4.012858 0.000000 0.199836
-4.014286 0.000000 0.199836
-4.032858 0.000000 0.199836
-4.035715 0.000000 0.199836
-4.037144 0.000000 0.199836
-4.038572 0.000000 0.199836
-4.040001 0.000000 0.199836
-4.042858 0.000000 0.199836
-4.044286 0.000000 0.199836
-4.052858 0.000000 0.199836
-4.055715 0.000000 0.199836
-4.062858 0.000000 0.199836
-4.064286 0.000000 0.199835
-4.077144 0.000000 0.199835
-4.078572 0.000000 0.199835
-4.080001 0.000000 0.199835
-4.081429 0.000000 0.199835
-4.082858 0.000000 0.199835
-4.084286 0.000000 0.199835
-4.085715 0.000000 0.199835
-4.087144 0.000000 0.199835
-4.088572 0.000000 0.199835
-4.108572 0.000000 0.199835
-4.110001 0.000000 0.199835
-4.115715 0.000000 0.199835
-4.118572 0.000000 0.199835
-4.121429 0.000000 0.199835
-4.122858 0.000000 0.199835
-4.137144 0.000000 0.199834
-4.140001 0.000000 0.199834
-4.144286 0.000000 0.199834
-4.147144 0.000000 0.199834
-4.167144 0.000000 0.199834
-4.168572 0.000000 0.199834
-4.175715 0.000000 0.199834
-4.178572 0.000000 0.199834
-4.180001 0.000000 0.199834
-4.181429 0.000000 0.199834
-4.182858 0.000000 0.199834
-4.184286 0.000000 0.199834
-4.185715 0.000000 0.199834
-4.187144 0.000000 0.199834
-4.194286 0.000000 0.199834
-4.205715 0.000000 0.199833
-4.207144 0.000000 0.199833
-4.230001 0.000000 0.199833
-4.231429 0.000000 0.199833
-4.237144 0.000000 0.199833
-4.238572 0.000000 0.199833
-4.240001 0.000000 0.199833
-4.241429 0.000000 0.199833
-4.242858 0.000000 0.199833
-4.244286 0.000000 0.199833
-4.245715 0.000000 0.199833
-4.247144 0.000000 0.199833
-4.248572 0.000000 0.199833
-4.250001 0.000000 0.199833
-4.251429 0.000000 0.199833
-4.258572 0.000000 0.199833
-4.260001 0.000000 0.199833
-4.261429 0.000000 0.199833
-4.262858 0.000000 0.199832
-4.264286 0.000000 0.199832
-4.265715 0.000000 0.199832
-4.267144 0.000000 0.199832
-4.268572 0.000000 0.199832
-4.270001 0.000000 0.199832
-4.271429 0.000000 0.199832
-4.305715 0.000000 0.199832
-4.312858 0.000000 0.199832
-4.314286 0.000000 0.199832
-4.315715 0.000000 0.199832
-4.318572 0.000000 0.199832
-4.320001 0.000000 0.199832
-4.327144 0.000000 0.199832
-4.328572 0.000000 0.199831
-4.330001 0.000000 0.199831
-4.331429 0.000000 0.199831
-4.332858 0.000000 0.199831
-4.334286 0.000000 0.199831
-4.335715 0.000000 0.199831
-4.337144 0.000000 0.199831
-4.338572 0.000000 0.199831
-4.340001 0.000000 0.199831
-4.341429 0.000000 0.199831
-4.354286 0.000000 0.199831
-4.355715 0.000000 0.199831
-4.357144 0.000000 0.199831
-4.358572 0.000000 0.199831
-4.360001 0.000000 0.199831
-4.361429 0.000000 0.199831
-4.362858 0.000000 0.199831
-4.364286 0.000000 0.199831
-4.365715 0.000000 0.199831
-4.367144 0.000000 0.199831
-4.368572 0.000000 0.199831
-4.380001 0.000000 0.199831
-4.381429 0.000000 0.199831
-4.382858 0.000000 0.199831
-4.384286 0.000000 0.199831
-4.385715 0.000000 0.199831
-4.387144 0.000000 0.199831
-4.388572 0.000000 0.199831
-4.390001 0.000000 0.199831
-4.391429 0.000000 0.199831
-4.392858 0.000000 0.199831
-4.394286 0.000000 0.199830
-4.435715 0.000000 0.199830
-4.437144 0.000000 0.199830
-4.438572 0.000000 0.199830
-4.440001 0.000000 0.199830
-4.441429 0.000000 0.199830
-4.442858 0.000000 0.199830
-4.444286 0.000000 0.199830
-4.445715 0.000000 0.199830
-4.447144 0.000000 0.199830
-4.448572 0.000000 0.199830
-4.450001 0.000000 0.199830
-4.461429 0.000000 0.199829
-4.462858 0.000000 0.199829
-4.464286 0.000000 0.199829
-4.474286 0.000000 0.199829
-4.475715 0.000000 0.199829
-4.490001 0.000000 0.199829
-4.491429 0.000000 0.199829
-4.492858 0.000000 0.199829
-4.494286 0.000000 0.199829
-4.495715 0.000000 0.199829
-4.497144 0.000000 0.199829
-4.498572 0.000000 0.199829
-4.500001 0.000000 0.199829
-4.501429 0.000000 0.199829
-4.502858 0.000000 0.199829
-4.504286 0.000000 0.199829
-4.510001 0.000000 0.199829
-4.511429 0.000000 0.199829
-4.512858 0.000000 0.199829
-4.514286 0.000000 0.199829
-4.515715 0.000000 0.199829
-4.517144 0.000000 0.199829
-4.518572 0.000000 0.199829
-4.520001 0.000000 0.199829
-4.521429 0.000000 0.199829
-4.522858 0.000000 0.199829
-4.524286 0.000000 0.199829
-4.528572 0.000000 0.199828
-4.530001 0.000000 0.199828
-4.531429 0.000000 0.199828
-4.532858 0.000000 0.199828
-4.534286 0.000000 0.199828
-4.535715 0.000000 0.199828
-4.537144 0.000000 0.199828
-4.538572 0.000000 0.199828
-4.540001 0.000000 0.199828
-4.541429 0.000000 0.199828
-4.542858 0.000000 0.199828
-4.577144 0.000000 0.199828
-4.578572 0.000000 0.199828
-4.580001 0.000000 0.199828
-4.581429 0.000000 0.199828
-4.582858 0.000000 0.199828
-4.584286 0.000000 0.199828
-4.585715 0.000000 0.199828
-4.587144 0.000000 0.199828
-4.588572 0.000000 0.199828
-4.590001 0.000000 0.199828
-4.591429 0.000000 0.199828
-4.602858 0.000000 0.199827
-4.604286 0.000000 0.199827
-4.605715 0.000000 0.199827
-4.607144 0.000000 0.199827
-4.608572 0.000000 0.199827
-4.610001 0.000000 0.199827
-4.611429 0.000000 0.199827
-4.612858 0.000000 0.199827
-4.614286 0.000000 0.199827
-4.615715 0.000000 0.199827
-4.617144 0.000000 0.199827
-4.632858 0.000000 0.199827
-4.634286 0.000000 0.199827
-4.635715 0.000000 0.199827
-4.637144 0.000000 0.199827
-4.638572 0.000000 0.199827
-4.640001 0.000000 0.199827
-4.641429 0.000000 0.199827
-4.642858 0.000000 0.199827
-4.644286 0.000000 0.199827
-4.645715 0.000000 0.199827
-4.647144 0.000000 0.199827
-4.657144 0.000000 0.199827
-4.658572 0.000000 0.199826
-4.660001 0.000000 0.199826
-4.661429 0.000000 0.199826
-4.662858 0.000000 0.199826
-4.664286 0.000000 0.199826
-4.665715 0.000000 0.199826
-4.667144 0.000000 0.199826
-4.668572 0.000000 0.199826
-4.670001 0.000000 0.199826
-4.671429 0.000000 0.199826
-4.685715 0.000000 0.199826
-4.687144 0.000000 0.199826
-4.688572 0.000000 0.199826
-4.690001 0.000000 0.199826
-4.691429 0.000000 0.199826
-4.692858 0.000000 0.199826
-4.694286 0.000000 0.199826
-4.695715 0.000000 0.199826
-4.697144 0.000000 0.199826
-4.698572 0.000000 0.199826
-4.700001 0.000000 0.199826
-4.728572 0.000000 0.199825
-4.730001 0.000000 0.199825
-4.731429 0.000000 0.199825
-4.732858 0.000000 0.199825
-4.734286 0.000000 0.199825
-4.735715 0.000000 0.199825
-4.737144 0.000000 0.199825
-4.738572 0.000000 0.199825
-4.740001 0.000000 0.199825
-4.741429 0.000000 0.199825
-4.742858 0.000000 0.199825
-4.764286 0.000000 0.199825
-4.765715 0.000000 0.199825
-4.767144 0.000000 0.199825
-4.768572 0.000000 0.199825
-4.770001 0.000000 0.199825
-4.771429 0.000000 0.199825
-4.772858 0.000000 0.199825
-4.774286 0.000000 0.199825
-4.775715 0.000000 0.199825
-4.777144 0.000000 0.199825
-4.778572 0.000000 0.199825
-4.791429 0.000000 0.199824
-4.792858 0.000000 0.199824
-4.794286 0.000000 0.199824
-4.795715 0.000000 0.199824
-4.797144 0.000000 0.199824
-4.798572 0.000000 0.199824
-4.800001 0.000000 0.199824
-4.801429 0.000000 0.199824
-4.802858 0.000000 0.199824
-4.804286 0.000000 0.199824
-4.805715 0.000000 0.199824
-4.817144 0.000000 0.199824
-4.818572 0.000000 0.199824
-4.820001 0.000000 0.199824
-4.821429 0.000000 0.199824
-4.822858 0.000000 0.199824
-4.824286 0.000000 0.199824
-4.825715 0.000000 0.199824
-4.827144 0.000000 0.199824
-4.828572 0.000000 0.199824
-4.830001 0.000000 0.199824
-4.831429 0.000000 0.199824
-4.867144 0.000000 0.199823
-4.868572 0.000000 0.199823
-4.870001 0.000000 0.199823
-4.871429 0.000000 0.199823
-4.872858 0.000000 0.199823
-4.874286 0.000000 0.199823
-4.875715 0.000000 0.199823
-4.877144 0.000000 0.199823
-4.878572 0.000000 0.199823
-4.880001 0.000000 0.199823
-4.932858 0.000000 0.199822
-4.934286 0.000000 0.199822
-4.935715 0.000000 0.199822
-4.937144 0.000000 0.199822
-4.938572 0.000000 0.199822
-4.940001 0.000000 0.199822
-4.941429 0.000000 0.199822
-4.942858 0.000000 0.199822
-4.944286 0.000000 0.199822
-4.954286 0.000000 0.199822
-4.957144 0.000000 0.199822
-4.958572 0.000000 0.199822
-4.960001 0.000000 0.199822
-4.961429 0.000000 0.199822
-4.962858 0.000000 0.199822
-4.964286 0.000000 0.199822
-4.965715 0.000000 0.199822
-4.981429 0.000000 0.199822
-4.982858 0.000000 0.199822
-4.984286 0.000000 0.199822
-4.985715 0.000000 0.199822
-4.987144 0.000000 0.199822
-4.988572 0.000000 0.199822
-4.990001 0.000000 0.199821
-4.991429 0.000000 0.199821
-4.992858 0.000000 0.199821
-4.994286 0.000000 0.199821
-4.995715 0.000000 0.199821
-5.018572 0.000000 0.199821
-5.020001 0.000000 0.199821
-5.021429 0.000000 0.199821
-5.022858 0.000000 0.199821
-5.024286 0.000000 0.199821
-5.025715 0.000000 0.199821
-5.027144 0.000000 0.199821
-5.028572 0.000000 0.199821
-5.030001 0.000000 0.199821
-5.031429 0.000000 0.199821
-5.032858 0.000000 0.199821
-5.045715 0.000000 0.199821
-5.047144 0.000000 0.199821
-5.048572 0.000000 0.199821
-5.050001 0.000000 0.199821
-5.051429 0.000000 0.199821
-5.052858 0.000000 0.199821
-5.054286 0.000000 0.199821
-5.055715 0.000000 0.199820
-5.057144 0.000000 0.199820
-5.058572 0.000000 0.199820
-5.060001 0.000000 0.199820
-5.072858 0.000000 0.199820
-5.074286 0.000000 0.199820
-5.075715 0.000000 0.199820
-5.077144 0.000000 0.199820
-5.078572 0.000000 0.199820
-5.085715 0.000000 0.199820
-5.087144 0.000000 0.199820
-5.104286 0.000000 0.199820
-5.105715 0.000000 0.199820
-5.107144 0.000000 0.199820
-5.108572 0.000000 0.199820
-5.110001 0.000000 0.199820
-5.111429 0.000000 0.199820
-5.112858 0.000000 0.199820
-5.114286 0.000000 0.199820
-5.115715 0.000000 0.199820
-5.117144 0.000000 0.199820
-5.118572 0.000000 0.199820
-5.125715 0.000000 0.199819
-5.127144 0.000000 0.199819
-5.128572 0.000000 0.199819
-5.130001 0.000000 0.199819
-5.131429 0.000000 0.199819
-5.132858 0.000000 0.199819
-5.134286 0.000000 0.199819
-5.135715 0.000000 0.199819
-5.137144 0.000000 0.199819
-5.138572 0.000000 0.199819
-5.140001 0.000000 0.199819
-5.157144 0.000000 0.199819
-5.158572 0.000000 0.199819
-5.160001 0.000000 0.199819
-5.161429 0.000000 0.199819
-5.162858 0.000000 0.199819
-5.164286 0.000000 0.199819
-5.165715 0.000000 0.199819
-5.167144 0.000000 0.199819
-5.168572 0.000000 0.199819
-5.170001 0.000000 0.199819
-5.171429 0.000000 0.199819
-5.197144 0.000000 0.199818
-5.198572 0.000000 0.199818
-5.200001 0.000000 0.199818
-5.201429 0.000000 0.199818
-5.202858 0.000000 0.199818
-5.204286 0.000000 0.199818
-5.205715 0.000000 0.199818
-5.207144 0.000000 0.199818
-5.208572 0.000000 0.199818
-5.210001 0.000000 0.199818
-5.211429 0.000000 0.199818
-5.225715 0.000000 0.199818
-5.227144 0.000000 0.199818
-5.228572 0.000000 0.199818
-5.230001 0.000000 0.199818
-5.231429 0.000000 0.199818
-5.232858 0.000000 0.199818
-5.234286 0.000000 0.199818
-5.235715 0.000000 0.199818
-5.237144 0.000000 0.199818
-5.238572 0.000000 0.199818
-5.240001 0.000000 0.199818
-5.267144 0.000000 0.199817
-5.268572 0.000000 0.199817
-5.270001 0.000000 0.199817
-5.271429 0.000000 0.199817
-5.272858 0.000000 0.199817
-5.274286 0.000000 0.199817
-5.275715 0.000000 0.199817
-5.277144 0.000000 0.199817
-5.278572 0.000000 0.199817
-5.280001 0.000000 0.199817
-5.281429 0.000000 0.199817
-5.311429 0.000000 0.199817
-5.312858 0.000000 0.199817
-5.314286 0.000000 0.199817
-5.315715 0.000000 0.199817
-5.317144 0.000000 0.199817
-5.318572 0.000000 0.199817
-5.320001 0.000000 0.199816
-5.321429 0.000000 0.199816
-5.322858 0.000000 0.199816
-5.324286 0.000000 0.199816
-5.325715 0.000000 0.199816
-5.341429 0.000000 0.199816
-5.342858 0.000000 0.199816
-5.344286 0.000000 0.199816
-5.345715 0.000000 0.199816
-5.347144 0.000000 0.199816
-5.348572 0.000000 0.199816
-5.350001 0.000000 0.199816
-5.351429 0.000000 0.199816
-5.352858 0.000000 0.199816
-5.354286 0.000000 0.199816
-5.355715 0.000000 0.199816
-5.368572 0.000000 0.199816
-5.370001 0.000000 0.199816
-5.371429 0.000000 0.199816
-5.372858 0.000000 0.199816
-5.374286 0.000000 0.199816
-5.375715 0.000000 0.199816
-5.377144 0.000000 0.199816
-5.378572 0.000000 0.199816
-5.380001 0.000000 0.199816
-5.381429 0.000000 0.199816
-5.382858 0.000000 0.199816
-5.400001 0.000000 0.199815
-5.401429 0.000000 0.199815
-5.402858 0.000000 0.199815
-5.404286 0.000000 0.199815
-5.405715 0.000000 0.199815
-5.407144 0.000000 0.199815
-5.408572 0.000000 0.199815
-5.410001 0.000000 0.199815
-5.411429 0.000000 0.199815
-5.412858 0.000000 0.199815
-5.414286 0.000000 0.199815
-5.454286 0.000000 0.199814
-5.455715 0.000000 0.199814
-5.457144 0.000000 0.199814
-5.458572 0.000000 0.199814
-5.460001 0.000000 0.199814
-5.461429 0.000000 0.199814
-5.462858 0.000000 0.199814
-5.464286 0.000000 0.199814
-5.465715 0.000000 0.199814
-5.467144 0.000000 0.199814
-5.468572 0.000000 0.199814
-5.487144 0.000000 0.199814
-5.488572 0.000000 0.199814
-5.490001 0.000000 0.199814
-5.491429 0.000000 0.199814
-5.492858 0.000000 0.199814
-5.494286 0.000000 0.199814
-5.495715 0.000000 0.199814
-5.497144 0.000000 0.199814
-5.498572 0.000000 0.199814
-5.500001 0.000000 0.199814
-5.535715 0.000000 0.199813
-5.537144 0.000000 0.199813
-5.542858 0.000000 0.199813
-5.545715 0.000000 0.199813
-5.547144 0.000000 0.199813
-5.550001 0.000000 0.199813
-5.552858 0.000000 0.199813
-5.554286 0.000000 0.199813
-5.555715 0.000000 0.199813
-5.570001 0.000000 0.199813
-5.581429 0.000000 0.199813
-5.582858 0.000000 0.199813
-5.590001 0.000000 0.199812
-5.592858 0.000000 0.199812
-5.595715 0.000000 0.199812
-5.597144 0.000000 0.199812
-5.600001 0.000000 0.199812
-5.601429 0.000000 0.199812
-5.608572 0.000000 0.199812
-5.610001 0.000000 0.199812
-5.612858 0.000000 0.199812
-5.614286 0.000000 0.199812
-5.615715 0.000000 0.199812
-5.620001 0.000000 0.199812
-5.621429 0.000000 0.199812
-5.632858 0.000000 0.199812
-5.634286 0.000000 0.199812
-5.635715 0.000000 0.199812
-5.637144 0.000000 0.199812
-5.638572 0.000000 0.199812
-5.640001 0.000000 0.199812
-5.641429 0.000000 0.199812
-5.642858 0.000000 0.199812
-5.644286 0.000000 0.199812
-5.645715 0.000000 0.199812
-5.647144 0.000000 0.199812
-5.658572 0.000000 0.199811
-5.660001 0.000000 0.199811
-5.661429 0.000000 0.199811
-5.662858 0.000000 0.199811
-5.664286 0.000000 0.199811
-5.665715 0.000000 0.199811
-5.667144 0.000000 0.199811
-5.668572 0.000000 0.199811
-5.670001 0.000000 0.199811
-5.671429 0.000000 0.199811
-5.672858 0.000000 0.199811
-5.674286 0.000000 0.199811
-5.675715 0.000000 0.199811
-5.677144 0.000000 0.199811
-5.678572 0.000000 0.199811
-5.680001 0.000000 0.199811
-5.681429 0.000000 0.199811
-5.682858 0.000000 0.199811
-5.711429 0.000000 0.199811
-5.712858 0.000000 0.199811
-5.714286 0.000000 0.199811
-5.715715 0.000000 0.199811
-5.717144 0.000000 0.199810
-5.718572 0.000000 0.199810
-5.720001 0.000000 0.199810
-5.721429 0.000000 0.199810
-5.722858 0.000000 0.199810
-5.724286 0.000000 0.199810
-5.760001 0.000000 0.199810
-5.762858 0.000000 0.199810
-5.765715 0.000000 0.199810
-5.777144 0.000000 0.199810
-5.781429 0.000000 0.199810
-5.784286 0.000000 0.199809
-5.785715 0.000000 0.199809
-5.790001 0.000000 0.199809
-5.791429 0.000000 0.199809
-5.792858 0.000000 0.199809
-5.794286 0.000000 0.199809
-5.795715 0.000000 0.199809
-5.804286 0.000000 0.199809
-5.807144 0.000000 0.199809
-5.811429 0.000000 0.199809
-5.812858 0.000000 0.199809
-5.814286 0.000000 0.199809
-5.815715 0.000000 0.199809
-5.817144 0.000000 0.199809
-5.818572 0.000000 0.199809
-5.820001 0.000000 0.199809
-5.821429 0.000000 0.199809
-5.842858 0.000000 0.199809
-5.844286 0.000000 0.199809
-5.852858 0.000000 0.199808
-5.854286 0.000000 0.199808
-5.858572 0.000000 0.199808
-5.861429 0.000000 0.199808
-5.864286 0.000000 0.199808
-5.865715 0.000000 0.199808
-5.872858 0.000000 0.199808
-5.877144 0.000000 0.199808
-5.878572 0.000000 0.199808
-5.884286 0.000000 0.199808
-5.887144 0.000000 0.199808
-5.894286 0.000000 0.199808
-5.895715 0.000000 0.199808
-5.900001 0.000000 0.199808
-5.901429 0.000000 0.199808
-5.902858 0.000000 0.199808
-5.904286 0.000000 0.199808
-5.905715 0.000000 0.199808
-5.907144 0.000000 0.199808
-5.908572 0.000000 0.199808
-5.910001 0.000000 0.199808
-5.911429 0.000000 0.199808
-5.912858 0.000000 0.199808
-5.914286 0.000000 0.199807
-5.915715 0.000000 0.199807
-5.917144 0.000000 0.199807
-5.918572 0.000000 0.199807
-5.920001 0.000000 0.199807
-5.921429 0.000000 0.199807
-5.922858 0.000000 0.199807
-5.924286 0.000000 0.199807
-5.925715 0.000000 0.199807
-5.927144 0.000000 0.199807
-5.928572 0.000000 0.199807
-5.930001 0.000000 0.199807
-5.931429 0.000000 0.199807
-5.932858 0.000000 0.199807
-5.934286 0.000000 0.199807
-5.935715 0.000000 0.199807
-5.937144 0.000000 0.199807
-5.938572 0.000000 0.199807
-5.940001 0.000000 0.199807
-5.941429 0.000000 0.199807
-5.942858 0.000000 0.199807
-5.944286 0.000000 0.199807
-5.945715 0.000000 0.199807
-5.947144 0.000000 0.199807
-5.948572 0.000000 0.199807
-5.950001 0.000000 0.199807
-5.951429 0.000000 0.199807
-5.952858 0.000000 0.199807
-5.954286 0.000000 0.199807
-5.955715 0.000000 0.199807
-5.957144 0.000000 0.199807
-5.958572 0.000000 0.199807
-5.960001 0.000000 0.199807
-5.961429 0.000000 0.199807
-5.962858 0.000000 0.199807
-5.964286 0.000000 0.199807
-5.965715 0.000000 0.199807
-5.974286 0.000000 0.199807
-5.975715 0.000000 0.199807
-5.977144 0.000000 0.199807
-5.978572 0.000000 0.199807
-5.980001 0.000000 0.199807
-5.981429 0.000000 0.199806
-5.982858 0.000000 0.199806
-5.984286 0.000000 0.199806
-5.985715 0.000000 0.199806
-5.987144 0.000000 0.199806
-5.988572 0.000000 0.199806
-6.014286 0.000000 0.199806
-6.015715 0.000000 0.199806
-6.017144 0.000000 0.199806
-6.018572 0.000000 0.199806
-6.020001 0.000000 0.199806
-6.021429 0.000000 0.199806
-6.022858 0.000000 0.199806
-6.024286 0.000000 0.199806
-6.025715 0.000000 0.199806
-6.027144 0.000000 0.199806
-6.028572 0.000000 0.199806
-6.058572 0.000000 0.199805
-6.060001 0.000000 0.199805
-6.061429 0.000000 0.199805
-6.062858 0.000000 0.199805
-6.064286 0.000000 0.199805
-6.065715 0.000000 0.199805
-6.067144 0.000000 0.199805
-6.068572 0.000000 0.199805
-6.070001 0.000000 0.199805
-6.071429 0.000000 0.199805
-6.072858 0.000000 0.199805
-6.101429 0.000000 0.199805
-6.102858 0.000000 0.199805
-6.104286 0.000000 0.199805
-6.105715 0.000000 0.199805
-6.107144 0.000000 0.199805
-6.108572 0.000000 0.199805
-6.110001 0.000000 0.199805
-6.111429 0.000000 0.199805
-6.112858 0.000000 0.199804
-6.114286 0.000000 0.199804
-6.115715 0.000000 0.199804
-6.142858 0.000000 0.199804
-6.144286 0.000000 0.199804
-6.145715 0.000000 0.199804
-6.147144 0.000000 0.199804
-6.148572 0.000000 0.199804
-6.150001 0.000000 0.199804
-6.151429 0.000000 0.199804
-6.152858 0.000000 0.199804
-6.154286 0.000000 0.199804
-6.155715 0.000000 0.199804
-6.157144 0.000000 0.199804
-6.225715 0.000000 0.199803
-6.227144 0.000000 0.199803
-6.228572 0.000000 0.199803
-6.230001 0.000000 0.199803
-6.231429 0.000000 0.199803
-6.232858 0.000000 0.199803
-6.234286 0.000000 0.199803
-6.235715 0.000000 0.199803
-6.237144 0.000000 0.199803
-6.238572 0.000000 0.199803
-6.240001 0.000000 0.199803
-6.271429 0.000000 0.199802
-6.272858 0.000000 0.199802
-6.274286 0.000000 0.199802
-6.275715 0.000000 0.199802
-6.277144 0.000000 0.199802
-6.278572 0.000000 0.199802
-6.280001 0.000000 0.199802
-6.281429 0.000000 0.199802
-6.282858 0.000000 0.199802
-6.284286 0.000000 0.199802
-6.285715 0.000000 0.199802
-6.308572 0.000000 0.199802
-6.310001 0.000000 0.199802
-6.311429 0.000000 0.199801
-6.312858 0.000000 0.199801
-6.314286 0.000000 0.199801
-6.315715 0.000000 0.199801
-6.317144 0.000000 0.199801
-6.318572 0.000000 0.199801
-6.320001 0.000000 0.199801
-6.321429 0.000000 0.199801
-6.322858 0.000000 0.199801
-6.348572 0.000000 0.199801
-6.350001 0.000000 0.199801
-6.351429 0.000000 0.199801
-6.352858 0.000000 0.199801
-6.354286 0.000000 0.199801
-6.355715 0.000000 0.199801
-6.357144 0.000000 0.199801
-6.358572 0.000000 0.199801
-6.360001 0.000000 0.199801
-6.361429 0.000000 0.199801
-6.362858 0.000000 0.199801
-6.384286 0.000000 0.199800
-6.385715 0.000000 0.199800
-6.387144 0.000000 0.199800
-6.388572 0.000000 0.199800
-6.390001 0.000000 0.199800
-6.391429 0.000000 0.199800
-6.392858 0.000000 0.199800
-6.394286 0.000000 0.199800
-6.395715 0.000000 0.199800
-6.397144 0.000000 0.199800
-6.398572 0.000000 0.199800
-6.421429 0.000000 0.199800
-6.422858 0.000000 0.199800
-6.424286 0.000000 0.199800
-6.425715 0.000000 0.199800
-6.427144 0.000000 0.199800
-6.428572 0.000000 0.199800
-6.430001 0.000000 0.199800
-6.431429 0.000000 0.199800
-6.432858 0.000000 0.199800
-6.434286 0.000000 0.199800
-6.435715 0.000000 0.199800
-6.457144 0.000000 0.199799
-6.458572 0.000000 0.199799
-6.460001 0.000000 0.199799
-6.461429 0.000000 0.199799
-6.462858 0.000000 0.199799
-6.464286 0.000000 0.199799
-6.465715 0.000000 0.199799
-6.467144 0.000000 0.199799
-6.468572 0.000000 0.199799
-6.470001 0.000000 0.199799
-6.471429 0.000000 0.199799
-6.487144 0.000000 0.199799
-6.488572 0.000000 0.199799
-6.490001 0.000000 0.199799
-6.491429 0.000000 0.199799
-6.492858 0.000000 0.199799
-6.494286 0.000000 0.199799
-6.495715 0.000000 0.199799
-6.497144 0.000000 0.199799
-6.498572 0.000000 0.199799
-6.500001 0.000000 0.199799
-6.501429 0.000000 0.199799
-6.515715 0.000000 0.199798
-6.517144 0.000000 0.199798
-6.518572 0.000000 0.199798
-6.520001 0.000000 0.199798
-6.521429 0.000000 0.199798
-6.522858 0.000000 0.199798
-6.524286 0.000000 0.199798
-6.525715 0.000000 0.199798
-6.527144 0.000000 0.199798
-6.528572 0.000000 0.199798
-6.530001 0.000000 0.199798
-6.545715 0.000000 0.199798
-6.547144 0.000000 0.199798
-6.548572 0.000000 0.199798
-6.550001 0.000000 0.199798
-6.551429 0.000000 0.199798
-6.552858 0.000000 0.199798
-6.554286 0.000000 0.199798
-6.555715 0.000000 0.199798
-6.557144 0.000000 0.199798
-6.558572 0.000000 0.199798
-6.560001 0.000000 0.199798
-6.591429 0.000000 0.199797
-6.592858 0.000000 0.199797
-6.594286 0.000000 0.199797
-6.595715 0.000000 0.199797
-6.597144 0.000000 0.199797
-6.598572 0.000000 0.199797
-6.600001 0.000000 0.199797
-6.601429 0.000000 0.199797
-6.602858 0.000000 0.199797
-6.604286 0.000000 0.199797
-6.605715 0.000000 0.199797
-6.638572 0.000000 0.199797
-6.640001 0.000000 0.199797
-6.641429 0.000000 0.199796
-6.642858 0.000000 0.199796
-6.644286 0.000000 0.199796
-6.645715 0.000000 0.199796
-6.647144 0.000000 0.199796
-6.648572 0.000000 0.199796
-6.650001 0.000000 0.199796
-6.651429 0.000000 0.199796
-6.652858 0.000000 0.199796
-6.672858 0.000000 0.199796
-6.674286 0.000000 0.199796
-6.675715 0.000000 0.199796
-6.677144 0.000000 0.199796
-6.678572 0.000000 0.199796
-6.680001 0.000000 0.199796
-6.681429 0.000000 0.199796
-6.682858 0.000000 0.199796
-6.684286 0.000000 0.199796
-6.685715 0.000000 0.199796
-6.687144 0.000000 0.199796
-6.734286 0.000000 0.199795
-6.735715 0.000000 0.199795
-6.737144 0.000000 0.199795
-6.738572 0.000000 0.199795
-6.740001 0.000000 0.199795
-6.741429 0.000000 0.199795
-6.742858 0.000000 0.199795
-6.744286 0.000000 0.199795
-6.745715 0.000000 0.199795
-6.747144 0.000000 0.199795
-6.748572 0.000000 0.199795
-6.770001 0.000000 0.199795
-6.771429 0.000000 0.199795
-6.772858 0.000000 0.199795
-6.774286 0.000000 0.199794
-6.775715 0.000000 0.199794
-6.777144 0.000000 0.199794
-6.778572 0.000000 0.199794
-6.780001 0.000000 0.199794
-6.781429 0.000000 0.199794
-6.782858 0.000000 0.199794
-6.784286 0.000000 0.199794
-6.807144 0.000000 0.199794
-6.808572 0.000000 0.199794
-6.810001 0.000000 0.199794
-6.820001 0.000000 0.199794
-6.821429 0.000000 0.199794
-6.825715 0.000000 0.199794
-6.827144 0.000000 0.199794
-6.828572 0.000000 0.199794
-6.830001 0.000000 0.199794
-6.831429 0.000000 0.199794
-6.832858 0.000000 0.199794
-6.834286 0.000000 0.199794
-6.835715 0.000000 0.199794
-6.837144 0.000000 0.199794
-6.838572 0.000000 0.199794
-6.840001 0.000000 0.199793
-6.878572 0.000000 0.199793
-6.880001 0.000000 0.199793
-6.881429 0.000000 0.199793
-6.882858 0.000000 0.199793
-6.884286 0.000000 0.199793
-6.885715 0.000000 0.199793
-6.887144 0.000000 0.199793
-6.888572 0.000000 0.199793
-6.890001 0.000000 0.199793
-6.891429 0.000000 0.199793
-6.892858 0.000000 0.199793
-6.904286 0.000000 0.199793
-6.905715 0.000000 0.199792
-6.907144 0.000000 0.199792
-6.908572 0.000000 0.199792
-6.910001 0.000000 0.199792
-6.911429 0.000000 0.199792
-6.912858 0.000000 0.199792
-6.914286 0.000000 0.199792
-6.915715 0.000000 0.199792
-6.917144 0.000000 0.199792
-6.940001 0.000000 0.199792
-6.948572 0.000000 0.199792
-6.950001 0.000000 0.199792
-6.964286 0.000000 0.199792
-6.965715 0.000000 0.199792
-6.978572 0.000000 0.199791
-6.980001 0.000000 0.199791
-6.987144 0.000000 0.199791
-6.988572 0.000000 0.199791
-6.991429 0.000000 0.199791
-6.992858 0.000000 0.199791
-7.002858 0.000000 0.199791
-7.005715 0.000000 0.199791
-7.008572 0.000000 0.199791
-7.011429 0.000000 0.199791
-7.012858 0.000000 0.199791
-7.014286 0.000000 0.199791
-7.021429 0.000000 0.199791
-7.022858 0.000000 0.199791
-7.024286 0.000000 0.199791
-7.025715 0.000000 0.199791
-7.034286 0.000000 0.199791
-7.035715 0.000000 0.199791
-7.044286 0.000000 0.199790
-7.045715 0.000000 0.199790
-7.047144 0.000000 0.199790
-7.048572 0.000000 0.199790
-7.050001 0.000000 0.199790
-7.051429 0.000000 0.199790
-7.052858 0.000000 0.199790
-7.054286 0.000000 0.199790
-7.055715 0.000000 0.199790
-7.057144 0.000000 0.199790
-7.058572 0.000000 0.199790
-7.084286 0.000000 0.199790
-7.085715 0.000000 0.199790
-7.087144 0.000000 0.199790
-7.088572 0.000000 0.199790
-7.090001 0.000000 0.199790
-7.091429 0.000000 0.199790
-7.092858 0.000000 0.199790
-7.094286 0.000000 0.199790
-7.095715 0.000000 0.199790
-7.097144 0.000000 0.199790
-7.101429 0.000000 0.199790
-7.102858 0.000000 0.199790
-7.104286 0.000000 0.199789
-7.105715 0.000000 0.199789
-7.107144 0.000000 0.199789
-7.108572 0.000000 0.199789
-7.110001 0.000000 0.199789
-7.111429 0.000000 0.199789
-7.112858 0.000000 0.199789
-7.114286 0.000000 0.199789
-7.115715 0.000000 0.199789
-7.138572 0.000000 0.199789
-7.140001 0.000000 0.199789
-7.141429 0.000000 0.199789
-7.142858 0.000000 0.199789
-7.144286 0.000000 0.199789
-7.145715 0.000000 0.199789
-7.147144 0.000000 0.199789
-7.148572 0.000000 0.199789
-7.150001 0.000000 0.199789
-7.151429 0.000000 0.199789
-7.152858 0.000000 0.199789
-7.177144 0.000000 0.199788
-7.188572 0.000000 0.199788
-7.190001 0.000000 0.199788
-7.191429 0.000000 0.199788
-7.192858 0.000000 0.199788
-7.194286 0.000000 0.199788
-7.195715 0.000000 0.199788
-7.197144 0.000000 0.199788
-7.198572 0.000000 0.199788
-7.200001 0.000000 0.199788
-7.201429 0.000000 0.199788
-7.202858 0.000000 0.199788
-7.204286 0.000000 0.199788
-7.205715 0.000000 0.199788
-7.207144 0.000000 0.199788
-7.208572 0.000000 0.199788
-7.210001 0.000000 0.199788
-7.211429 0.000000 0.199788
-7.212858 0.000000 0.199788
-7.214286 0.000000 0.199788
-7.215715 0.000000 0.199788
-7.217144 0.000000 0.199788
-7.218572 0.000000 0.199788
-7.220001 0.000000 0.199788
-7.221429 0.000000 0.199788
-7.222858 0.000000 0.199788
-7.224286 0.000000 0.199788
-7.225715 0.000000 0.199788
-7.227144 0.000000 0.199788
-7.228572 0.000000 0.199788
-7.230001 0.000000 0.199788
-7.231429 0.000000 0.199788
-7.232858 0.000000 0.199788
-7.234286 0.000000 0.199788
-7.235715 0.000000 0.199787
-7.237144 0.000000 0.199787
-7.238572 0.000000 0.199787
-7.240001 0.000000 0.199787
-7.241429 0.000000 0.199787
-7.242858 0.000000 0.199787
-7.244286 0.000000 0.199787
-7.245715 0.000000 0.199787
-7.247144 0.000000 0.199787
-7.248572 0.000000 0.199787
-7.250001 0.000000 0.199787
-7.251429 0.000000 0.199787
-7.261429 0.000000 0.199787
-7.262858 0.000000 0.199787
-7.264286 0.000000 0.199787
-7.265715 0.000000 0.199787
-7.267144 0.000000 0.199787
-7.268572 0.000000 0.199787
-7.270001 0.000000 0.199787
-7.271429 0.000000 0.199787
-7.272858 0.000000 0.199787
-7.274286 0.000000 0.199787
-7.275715 0.000000 0.199787
-7.298572 0.000000 0.199787
-7.300001 0.000000 0.199787
-7.301429 0.000000 0.199787
-7.302858 0.000000 0.199786
-7.304286 0.000000 0.199786
-7.305715 0.000000 0.199786
-7.307144 0.000000 0.199786
-7.308572 0.000000 0.199786
-7.310001 0.000000 0.199786
-7.311429 0.000000 0.199786
-7.312858 0.000000 0.199786
-7.330001 0.000000 0.199786
-7.331429 0.000000 0.199786
-7.332858 0.000000 0.199786
-7.334286 0.000000 0.199786
-7.335715 0.000000 0.199786
-7.337144 0.000000 0.199786
-7.338572 0.000000 0.199786
-7.340001 0.000000 0.199786
-7.341429 0.000000 0.199786
-7.342858 0.000000 0.199786
-7.344286 0.000000 0.199786
-7.365715 0.000000 0.199786
-7.367144 0.000000 0.199786
-7.368572 0.000000 0.199785
-7.370001 0.000000 0.199785
-7.371429 0.000000 0.199785
-7.372858 0.000000 0.199785
-7.374286 0.000000 0.199785
-7.375715 0.000000 0.199785
-7.377144 0.000000 0.199785
-7.378572 0.000000 0.199785
-7.380001 0.000000 0.199785
-7.381429 0.000000 0.199785
-7.382858 0.000000 0.199785
-7.384286 0.000000 0.199785
-7.385715 0.000000 0.199785
-7.387144 0.000000 0.199785
-7.388572 0.000000 0.199785
-7.390001 0.000000 0.199785
-7.391429 0.000000 0.199785
-7.392858 0.000000 0.199785
-7.394286 0.000000 0.199785
-7.435715 0.000000 0.199784
-7.437144 0.000000 0.199784
-7.438572 0.000000 0.199784
-7.440001 0.000000 0.199784
-7.441429 0.000000 0.199784
-7.442858 0.000000 0.199784
-7.444286 0.000000 0.199784
-7.445715 0.000000 0.199784
-7.447144 0.000000 0.199784
-7.448572 0.000000 0.199784
-7.450001 0.000000 0.199784
-7.478572 0.000000 0.199784
-7.480001 0.000000 0.199784
-7.481429 0.000000 0.199784
-7.482858 0.000000 0.199784
-7.484286 0.000000 0.199784
-7.485715 0.000000 0.199784
-7.487144 0.000000 0.199784
-7.488572 0.000000 0.199784
-7.490001 0.000000 0.199784
-7.491429 0.000000 0.199784
-7.492858 0.000000 0.199784
-7.518572 0.000000 0.199783
-7.520001 0.000000 0.199783
-7.521429 0.000000 0.199783
-7.522858 0.000000 0.199783
-7.524286 0.000000 0.199783
-7.525715 0.000000 0.199783
-7.527144 0.000000 0.199783
-7.528572 0.000000 0.199783
-7.530001 0.000000 0.199783
-7.531429 0.000000 0.199783
-7.532858 0.000000 0.199783
-7.545715 0.000000 0.199783
-7.547144 0.000000 0.199783
-7.548572 0.000000 0.199783
-7.550001 0.000000 0.199783
-7.551429 0.000000 0.199783
-7.552858 0.000000 0.199783
-7.554286 0.000000 0.199783
-7.555715 0.000000 0.199783
-7.557144 0.000000 0.199783
-7.558572 0.000000 0.199783
-7.560001 0.000000 0.199783
-7.594286 0.000000 0.199782
-7.595715 0.000000 0.199782
-7.597144 0.000000 0.199782
-7.598572 0.000000 0.199782
-7.600001 0.000000 0.199782
-7.601429 0.000000 0.199782
-7.602858 0.000000 0.199782
-7.604286 0.000000 0.199782
-7.605715 0.000000 0.199782
-7.607144 0.000000 0.199782
-7.608572 0.000000 0.199782
-7.627144 0.000000 0.199782
-7.628572 0.000000 0.199782
-7.630001 0.000000 0.199782
-7.631429 0.000000 0.199782
-7.632858 0.000000 0.199781
-7.634286 0.000000 0.199781
-7.635715 0.000000 0.199781
-7.637144 0.000000 0.199781
-7.638572 0.000000 0.199781
-7.640001 0.000000 0.199781
-7.641429 0.000000 0.199781
-7.662858 0.000000 0.199781
-7.664286 0.000000 0.199781
-7.665715 0.000000 0.199781
-7.667144 0.000000 0.199781
-7.668572 0.000000 0.199781
-7.670001 0.000000 0.199781
-7.671429 0.000000 0.199781
-7.672858 0.000000 0.199781
-7.674286 0.000000 0.199781
-7.675715 0.000000 0.199781
-7.677144 0.000000 0.199781
-7.697144 0.000000 0.199781
-7.698572 0.000000 0.199780
-7.700001 0.000000 0.199780
-7.701429 0.000000 0.199780
-7.702858 0.000000 0.199780
-7.704286 0.000000 0.199780
-7.705715 0.000000 0.199780
-7.707144 0.000000 0.199780
-7.708572 0.000000 0.199780
-7.710001 0.000000 0.199780
-7.711429 0.000000 0.199780
-7.738572 0.000000 0.199780
-7.740001 0.000000 0.199780
-7.741429 0.000000 0.199780
-7.742858 0.000000 0.199780
-7.744286 0.000000 0.199780
-7.745715 0.000000 0.199780
-7.747144 0.000000 0.199780
-7.748572 0.000000 0.199780
-7.750001 0.000000 0.199780
-7.751429 0.000000 0.199780
-7.752858 0.000000 0.199780
-7.771429 0.000000 0.199779
-7.772858 0.000000 0.199779
-7.774286 0.000000 0.199779
-7.775715 0.000000 0.199779
-7.777144 0.000000 0.199779
-7.778572 0.000000 0.199779
-7.780001 0.000000 0.199779
-7.781429 0.000000 0.199779
-7.782858 0.000000 0.199779
-7.784286 0.000000 0.199779
-7.785715 0.000000 0.199779
-7.820001 0.000000 0.199779
-7.821429 0.000000 0.199779
-7.822858 0.000000 0.199779
-7.824286 0.000000 0.199779
-7.825715 0.000000 0.199779
-7.827144 0.000000 0.199779
-7.828572 0.000000 0.199779
-7.830001 0.000000 0.199779
-7.831429 0.000000 0.199778
-7.832858 0.000000 0.199778
-7.834286 0.000000 0.199778
-7.867144 0.000000 0.199778
-7.868572 0.000000 0.199778
-7.870001 0.000000 0.199778
-7.871429 0.000000 0.199778
-7.872858 0.000000 0.199778
-7.874286 0.000000 0.199778
-7.875715 0.000000 0.199778
-7.877144 0.000000 0.199778
-7.878572 0.000000 0.199778
-7.880001 0.000000 0.199778
-7.881429 0.000000 0.199778
-7.918572 0.000000 0.199777
-7.920001 0.000000 0.199777
-7.921429 0.000000 0.199777
-7.922858 0.000000 0.199777
-7.924286 0.000000 0.199777
-7.925715 0.000000 0.199777
-7.927144 0.000000 0.199777
-7.928572 0.000000 0.199777
-7.930001 0.000000 0.199777
-7.931429 0.000000 0.199777
-7.932858 0.000000 0.199777
-7.944286 0.000000 0.199777
-7.945715 0.000000 0.199777
-7.947144 0.000000 0.199777
-7.948572 0.000000 0.199777
-7.950001 0.000000 0.199777
-7.951429 0.000000 0.199777
-7.952858 0.000000 0.199777
-7.954286 0.000000 0.199777
-7.955715 0.000000 0.199777
-7.957144 0.000000 0.199777
-7.958572 0.000000 0.199777
-7.988572 0.000000 0.199776
-7.990001 0.000000 0.199776
-8.001429 0.000000 0.199776
-8.002858 0.000000 0.199776
-8.040001 0.000000 0.199775
-8.075715 0.000000 0.199775
-8.095715 0.000000 0.199774
-8.114286 0.000000 0.199774
-8.115715 0.000000 0.199774
-8.121429 0.000000 0.199774
-8.122858 0.000000 0.199774
-8.124286 0.000000 0.199774
-8.125715 0.000000 0.199774
-8.127144 0.000000 0.199774
-8.128572 0.000000 0.199774
-8.130001 0.000000 0.199774
-8.131429 0.000000 0.199774
-8.132858 0.000000 0.199774
-8.134286 0.000000 0.199774
-8.135715 0.000000 0.199774
-8.147144 0.000000 0.199774
-8.148572 0.000000 0.199774
-8.150001 0.000000 0.199774
-8.152858 0.000000 0.199774
-8.160001 0.000000 0.199774
-8.161429 0.000000 0.199773
-8.162858 0.000000 0.199773
-8.164286 0.000000 0.199773
-8.165715 0.000000 0.199773
-8.167144 0.000000 0.199773
-8.168572 0.000000 0.199773
-8.170001 0.000000 0.199773
-8.171429 0.000000 0.199773
-8.172858 0.000000 0.199773
-8.174286 0.000000 0.199773
-8.175715 0.000000 0.199773
-8.184286 0.000000 0.199773
-8.185715 0.000000 0.199773
-8.187144 0.000000 0.199773
-8.188572 0.000000 0.199773
-8.190001 0.000000 0.199773
-8.191429 0.000000 0.199773
-8.192858 0.000000 0.199773
-8.194286 0.000000 0.199773
-8.195715 0.000000 0.199773
-8.197144 0.000000 0.199773
-8.198572 0.000000 0.199773
-8.212858 0.000000 0.199773
-8.214286 0.000000 0.199773
-8.215715 0.000000 0.199773
-8.217144 0.000000 0.199773
-8.218572 0.000000 0.199773
-8.220001 0.000000 0.199773
-8.221429 0.000000 0.199773
-8.222858 0.000000 0.199773
-8.224286 0.000000 0.199773
-8.225715 0.000000 0.199773
-8.227144 0.000000 0.199772
-8.240001 0.000000 0.199772
-8.241429 0.000000 0.199772
-8.242858 0.000000 0.199772
-8.244286 0.000000 0.199772
-8.245715 0.000000 0.199772
-8.247144 0.000000 0.199772
-8.248572 0.000000 0.199772
-8.250001 0.000000 0.199772
-8.251429 0.000000 0.199772
-8.252858 0.000000 0.199772
-8.254286 0.000000 0.199772
-8.287144 0.000000 0.199772
-8.288572 0.000000 0.199772
-8.290001 0.000000 0.199772
-8.291429 0.000000 0.199772
-8.292858 0.000000 0.199772
-8.294286 0.000000 0.199771
-8.295715 0.000000 0.199771
-8.297144 0.000000 0.199771
-8.298572 0.000000 0.199771
-8.300001 0.000000 0.199771
-8.301429 0.000000 0.199771
-8.322858 0.000000 0.199771
-8.324286 0.000000 0.199771
-8.325715 0.000000 0.199771
-8.327144 0.000000 0.199771
-8.328572 0.000000 0.199771
-8.330001 0.000000 0.199771
-8.331429 0.000000 0.199771
-8.332858 0.000000 0.199771
-8.334286 0.000000 0.199771
-8.335715 0.000000 0.199771
-8.337144 0.000000 0.199771
-8.360001 0.000000 0.199770
-8.361429 0.000000 0.199770
-8.362858 0.000000 0.199770
-8.364286 0.000000 0.199770
-8.365715 0.000000 0.199770
-8.367144 0.000000 0.199770
-8.368572 0.000000 0.199770
-8.370001 0.000000 0.199770
-8.371429 0.000000 0.199770
-8.372858 0.000000 0.199770
-8.374286 0.000000 0.199770
-8.387144 0.000000 0.199770
-8.388572 0.000000 0.199770
-8.390001 0.000000 0.199770
-8.391429 0.000000 0.199770
-8.392858 0.000000 0.199770
-8.394286 0.000000 0.199770
-8.395715 0.000000 0.199770
-8.397144 0.000000 0.199770
-8.398572 0.000000 0.199770
-8.400001 0.000000 0.199770
-8.401429 0.000000 0.199770
-8.420001 0.000000 0.199770
-8.421429 0.000000 0.199770
-8.422858 0.000000 0.199770
-8.424286 0.000000 0.199770
-8.425715 0.000000 0.199769
-8.427144 0.000000 0.199769
-8.428572 0.000000 0.199769
-8.430001 0.000000 0.199769
-8.431429 0.000000 0.199769
-8.432858 0.000000 0.199769
-8.434286 0.000000 0.199769
-8.461429 0.000000 0.199769
-8.462858 0.000000 0.199769
-8.464286 0.000000 0.199769
-8.465715 0.000000 0.199769
-8.467144 0.000000 0.199769
-8.468572 0.000000 0.199769
-8.470001 0.000000 0.199769
-8.471429 0.000000 0.199769
-8.472858 0.000000 0.199769
-8.474286 0.000000 0.199769
-8.517144 0.000000 0.199768
-8.518572 0.000000 0.199768
-8.522858 0.000000 0.199768
-8.525715 0.000000 0.199768
-8.528572 0.000000 0.199768
-8.530001 0.000000 0.199768
-8.531429 0.000000 0.199768
-8.534286 0.000000 0.199768
-8.535715 0.000000 0.199768
-8.537144 0.000000 0.199768
-8.538572 0.000000 0.199768
-8.540001 0.000000 0.199768
-8.541429 0.000000 0.199768
-8.542858 0.000000 0.199768
-8.544286 0.000000 0.199768
-8.545715 0.000000 0.199768
-8.547144 0.000000 0.199768
-8.548572 0.000000 0.199768
-8.588572 0.000000 0.199767
-8.590001 0.000000 0.199767
-8.591429 0.000000 0.199767
-8.592858 0.000000 0.199767
-8.594286 0.000000 0.199767
-8.595715 0.000000 0.199767
-8.597144 0.000000 0.199767
-8.598572 0.000000 0.199767
-8.600001 0.000000 0.199767
-8.601429 0.000000 0.199767
-8.602858 0.000000 0.199767
-8.620001 0.000000 0.199767
-8.621429 0.000000 0.199767
-8.622858 0.000000 0.199767
-8.624286 0.000000 0.199766
-8.625715 0.000000 0.199766
-8.627144 0.000000 0.199766
-8.628572 0.000000 0.199766
-8.630001 0.000000 0.199766
-8.631429 0.000000 0.199766
-8.632858 0.000000 0.199766
-8.634286 0.000000 0.199766
-8.651429 0.000000 0.199766
-8.652858 0.000000 0.199766
-8.654286 0.000000 0.199766
-8.655715 0.000000 0.199766
-8.657144 0.000000 0.199766
-8.658572 0.000000 0.199766
-8.660001 0.000000 0.199766
-8.661429 0.000000 0.199766
-8.662858 0.000000 0.199766
-8.664286 0.000000 0.199766
-8.665715 0.000000 0.199766
-8.684286 0.000000 0.199766
-8.685715 0.000000 0.199766
-8.687144 0.000000 0.199766
-8.690001 0.000000 0.199765
-8.692858 0.000000 0.199765
-8.695715 0.000000 0.199765
